#
# A fatal error has been detected by the Java Runtime Environment:
#
#  EXCEPTION_ACCESS_VIOLATION (0xc0000005) at pc=0x00007ff9d6603809, pid=3620, tid=24740
#
# JRE version: OpenJDK Runtime Environment (21.0.2+13) (build 21.0.2+13-58)
# Java VM: OpenJDK 64-Bit Server VM (21.0.2+13-58, mixed mode, sharing, tiered, compressed oops, compressed class ptrs, g1 gc, windows-amd64)
# Problematic frame:
# C  [jfxmedia.dll+0x3809]
#
# No core dump will be written. Minidumps are not enabled by default on client versions of Windows
#
# If you would like to submit a bug report, please visit:
#   https://bugreport.java.com/bugreport/crash.jsp
# The crash happened outside the Java Virtual Machine in native code.
# See problematic frame for where to report the bug.
#

---------------  S U M M A R Y ------------

Command Line: -javaagent:C:\Program Files\JetBrains\IntelliJ IDEA 2022.3.3\lib\idea_rt.jar=51265:C:\Program Files\JetBrains\IntelliJ IDEA 2022.3.3\bin -Dfile.encoding=UTF-8 -Dsun.stdout.encoding=UTF-8 -Dsun.stderr.encoding=UTF-8 --module-path=C:\Users\papag\.m2\repository\org\controlsfx\controlsfx\11.1.2\controlsfx-11.1.2.jar;C:\Users\papag\.m2\repository\com\dlsc\formsfx\formsfx-core\11.6.0\formsfx-core-11.6.0.jar;C:\Users\papag\.m2\repository\org\openjfx\javafx-web\21\javafx-web-21-win.jar;C:\Users\papag\Desktop\MusicPlayer\target\classes;C:\Users\papag\.m2\repository\org\openjfx\javafx-fxml\21\javafx-fxml-21-win.jar;C:\Users\papag\.m2\repository\org\kordamp\ikonli\ikonli-javafx\12.3.1\ikonli-javafx-12.3.1.jar;C:\Users\papag\.m2\repository\org\kordamp\bootstrapfx\bootstrapfx-core\0.4.0\bootstrapfx-core-0.4.0.jar;C:\Users\papag\.m2\repository\org\openjfx\javafx-graphics\23.0.1\javafx-graphics-23.0.1-win.jar;C:\Users\papag\.m2\repository\org\kordamp\ikonli\ikonli-core\12.3.1\ikonli-core-12.3.1.jar;C:\Users\papag\.m2\repository\org\openjfx\javafx-controls\23.0.1\javafx-controls-23.0.1-win.jar;C:\Users\papag\.m2\repository\eu\hansolo\tilesfx\11.48\tilesfx-11.48.jar;C:\Users\papag\.m2\repository\net\synedra\validatorfx\0.4.0\validatorfx-0.4.0.jar;C:\Users\papag\.m2\repository\org\openjfx\javafx-media\21\javafx-media-21-win.jar;C:\Users\papag\.m2\repository\org\openjfx\javafx-base\23.0.1\javafx-base-23.0.1-win.jar;C:\Users\papag\.m2\repository\com\mpatric\mp3agic\0.9.1\mp3agic-0.9.1.jar -Djdk.module.main=anagnostou.musicplayer anagnostou.musicplayer/anagnostou.musicplayer.HelloApplication

Host: AMD Ryzen 5 2600 Six-Core Processor            , 12 cores, 15G,  Windows 11 , 64 bit Build 22621 (10.0.22621.3958)
Time: Sun Nov 24 00:31:23 2024  Windows 11 , 64 bit Build 22621 (10.0.22621.3958) elapsed time: 255.314937 seconds (0d 0h 4m 15s)

---------------  T H R E A D  ---------------

Current thread (0x00000207dbda2c70):  JavaThread "JavaFX Application Thread"        [_thread_in_native, id=24740, stack(0x0000008dddf00000,0x0000008dde000000) (1024K)]

Stack: [0x0000008dddf00000,0x0000008dde000000],  sp=0x0000008dddffdba8,  free space=1014k
Native frames: (J=compiled Java code, j=interpreted, Vv=VM code, C=native code)
C  [jfxmedia.dll+0x3809]

Java frames: (J=compiled Java code, j=interpreted, Vv=VM code)
j  com.sun.media.jfxmediaimpl.NativeEqualizerBand.nativeSetGain(JD)V+0 javafx.media@21
j  com.sun.media.jfxmediaimpl.NativeEqualizerBand.setGain(D)V+22 javafx.media@21
j  javafx.scene.media.EqualizerBand$3.invalidated()V+37 javafx.media@21
J 4483 c2 javafx.beans.property.DoublePropertyBase.set(D)V javafx.base@23.0.1 (77 bytes) @ 0x0000020787ce792c [0x0000020787ce78a0+0x000000000000008c]
j  javafx.scene.media.EqualizerBand.setGain(D)V+5 javafx.media@21
j  anagnostou.musicplayer.SettingsController.lambda$setEqualizerBands$0(Ljavafx/beans/value/ObservableValue;Ljava/lang/Number;Ljava/lang/Number;)V+8 anagnostou.musicplayer
j  anagnostou.musicplayer.SettingsController$$Lambda+0x0000020797313c68.changed(Ljavafx/beans/value/ObservableValue;Ljava/lang/Object;Ljava/lang/Object;)V+13 anagnostou.musicplayer
j  com.sun.javafx.binding.ExpressionHelper$Generic.fireValueChangedEvent()V+172 javafx.base@23.0.1
J 2876 c1 javafx.beans.property.DoublePropertyBase.fireValueChangedEvent()V javafx.base@23.0.1 (8 bytes) @ 0x000002078053953c [0x00000207805393c0+0x000000000000017c]
J 4483 c2 javafx.beans.property.DoublePropertyBase.set(D)V javafx.base@23.0.1 (77 bytes) @ 0x0000020787ce7948 [0x0000020787ce78a0+0x00000000000000a8]
j  javafx.scene.control.Slider.setValue(D)V+15 javafx.controls@23.0.1
j  com.sun.javafx.scene.control.behavior.SliderBehavior.thumbDragged(Ljavafx/scene/input/MouseEvent;D)V+43 javafx.controls@23.0.1
j  javafx.scene.control.skin.SliderSkin.lambda$initialize$14(Ljavafx/scene/input/MouseEvent;)V+77 javafx.controls@23.0.1
j  javafx.scene.control.skin.SliderSkin$$Lambda+0x0000020797258220.handle(Ljavafx/event/Event;)V+8 javafx.controls@23.0.1
J 3374 c1 com.sun.javafx.event.CompositeEventHandler.dispatchBubblingEvent(Ljavafx/event/Event;)V javafx.base@23.0.1 (57 bytes) @ 0x00000207806206e4 [0x0000020780620300+0x00000000000003e4]
J 3789 c2 com.sun.javafx.event.EventHandlerManager.dispatchBubblingEvent(Ljavafx/event/Event;)Ljavafx/event/Event; javafx.base@23.0.1 (23 bytes) @ 0x0000020787c72620 [0x0000020787c72400+0x0000000000000220]
J 3788 c2 com.sun.javafx.event.CompositeEventDispatcher.dispatchBubblingEvent(Ljavafx/event/Event;)Ljavafx/event/Event; javafx.base@23.0.1 (35 bytes) @ 0x0000020787c71fac [0x0000020787c71f20+0x000000000000008c]
J 3651 c2 com.sun.javafx.event.BasicEventDispatcher.dispatchEvent(Ljavafx/event/Event;Ljavafx/event/EventDispatchChain;)Ljavafx/event/Event; javafx.base@23.0.1 (44 bytes) @ 0x0000020787c6411c [0x0000020787c63fc0+0x000000000000015c]
J 3651 c2 com.sun.javafx.event.BasicEventDispatcher.dispatchEvent(Ljavafx/event/Event;Ljavafx/event/EventDispatchChain;)Ljavafx/event/Event; javafx.base@23.0.1 (44 bytes) @ 0x0000020787c640c8 [0x0000020787c63fc0+0x0000000000000108]
J 3651 c2 com.sun.javafx.event.BasicEventDispatcher.dispatchEvent(Ljavafx/event/Event;Ljavafx/event/EventDispatchChain;)Ljavafx/event/Event; javafx.base@23.0.1 (44 bytes) @ 0x0000020787c640c8 [0x0000020787c63fc0+0x0000000000000108]
J 3651 c2 com.sun.javafx.event.BasicEventDispatcher.dispatchEvent(Ljavafx/event/Event;Ljavafx/event/EventDispatchChain;)Ljavafx/event/Event; javafx.base@23.0.1 (44 bytes) @ 0x0000020787c640c8 [0x0000020787c63fc0+0x0000000000000108]
J 4817 c2 javafx.scene.Scene$MouseHandler.process(Ljavafx/scene/input/MouseEvent;Z)V javafx.graphics@23.0.1 (793 bytes) @ 0x0000020787d1d5ac [0x0000020787d1cae0+0x0000000000000acc]
J 4955 c2 com.sun.javafx.tk.quantum.GlassViewEventHandler$MouseEventNotification.run()Ljava/lang/Void; javafx.graphics@23.0.1 (703 bytes) @ 0x0000020787d45924 [0x0000020787d45540+0x00000000000003e4]
J 4927 c2 com.sun.glass.ui.View.notifyMouse(IIIIIIIZZ)V javafx.graphics@23.0.1 (221 bytes) @ 0x0000020787d32164 [0x0000020787d31ea0+0x00000000000002c4]
v  ~StubRoutines::call_stub 0x000002078753100d
j  com.sun.glass.ui.win.WinApplication._runLoop(Ljava/lang/Runnable;)V+0 javafx.graphics@23.0.1
j  com.sun.glass.ui.win.WinApplication.lambda$runLoop$3(ILjava/lang/Runnable;)V+8 javafx.graphics@23.0.1
j  com.sun.glass.ui.win.WinApplication$$Lambda+0x00000207970335f8.run()V+12 javafx.graphics@23.0.1
j  java.lang.Thread.runWith(Ljava/lang/Object;Ljava/lang/Runnable;)V+5 java.base@21.0.2
j  java.lang.Thread.run()V+19 java.base@21.0.2
v  ~StubRoutines::call_stub 0x000002078753100d

siginfo: EXCEPTION_ACCESS_VIOLATION (0xc0000005), reading address 0x5a293b73697841a2


Registers:
RAX=0x5a293b7369784172, RBX=0x00000207d7b1d128, RCX=0x00000207e6e00cd8, RDX=0x0000008dddffdc80
RSP=0x0000008dddffdba8, RBP=0x0000008dddffdc40, RSI=0x00000000000001c0, RDI=0x000000000000002c
R8 =0x00000207e6e00cd8, R9 =0x0000000000000005, R10=0x000002078753cddc, R11=0x0000000000000102
R12=0x0000000000000000, R13=0x00000207d7b1d128, R14=0x0000008dddffdc80, R15=0x00000207dbda2c70
RIP=0x00007ff9d6603809, EFLAGS=0x0000000000010202


Register to memory mapping:

RAX=0x5a293b7369784172 is an unknown value
RBX={method} {0x00000207d7b1d130} 'nativeSetGain' '(JD)V' in 'com/sun/media/jfxmediaimpl/NativeEqualizerBand'
RCX=0x00000207e6e00cd8 points into unknown readable memory: 0x5a293b7369784172 | 72 41 78 69 73 3b 29 5a
RDX=0x0000008dddffdc80 is pointing into the stack for thread: 0x00000207dbda2c70
RSP=0x0000008dddffdba8 is pointing into the stack for thread: 0x00000207dbda2c70
RBP=0x0000008dddffdc40 is pointing into the stack for thread: 0x00000207dbda2c70
RSI=0x00000000000001c0 is an unknown value
RDI=0x000000000000002c is an unknown value
R8 =0x00000207e6e00cd8 points into unknown readable memory: 0x5a293b7369784172 | 72 41 78 69 73 3b 29 5a
R9 =0x0000000000000005 is an unknown value
R10=0x000002078753cddc is at code_begin+1020 in an Interpreter codelet
native method entry point (kind = native)  [0x000002078753c9e0, 0x000002078753d508]  2856 bytes
R11=0x0000000000000102 is an unknown value
R12=0x0 is null
R13={method} {0x00000207d7b1d130} 'nativeSetGain' '(JD)V' in 'com/sun/media/jfxmediaimpl/NativeEqualizerBand'
R14=0x0000008dddffdc80 is pointing into the stack for thread: 0x00000207dbda2c70
R15=0x00000207dbda2c70 is a thread

Top of Stack: (sp=0x0000008dddffdba8)
0x0000008dddffdba8:   000002078753ce0b 00000207d7b1d128
0x0000008dddffdbb8:   0000008dddffdc80 000000000000002c
0x0000008dddffdbc8:   000002078753caf7 00000207d7b1d128
0x0000008dddffdbd8:   00000000000001c0 000000000000002c
0x0000008dddffdbe8:   00007ff9892c95cf 000002078753ca9f
0x0000008dddffdbf8:   0000008dddffdbf8 00000207d7b1d128
0x0000008dddffdc08:   0000000000000008 00000207d7b1d1e8
0x0000008dddffdc18:   0000000000000000 000000070ea936b0
0x0000008dddffdc28:   00000207d7b1d128 0000000000000000
0x0000008dddffdc38:   0000008dddffdc60 0000008dddffdcd0
0x0000008dddffdc48:   0000020787538846 0000000000000000
0x0000008dddffdc58:   000002078753a397 3fb595488b176100
0x0000008dddffdc68:   4028000000000000 00000207e6e00cd8
0x0000008dddffdc78:   0000000000000000 000000070ec301b0
0x0000008dddffdc88:   0000008dddffdc88 00000207d7b1cd5e
0x0000008dddffdc98:   0000000000000004 00000207d7b1d1e8
0x0000008dddffdca8:   0000000000000000 000000070ea936b0
0x0000008dddffdcb8:   00000207d7b1cd68 0000008dddffdc60
0x0000008dddffdcc8:   0000008dddffdce0 0000008dddffdd50
0x0000008dddffdcd8:   0000020787538cd2 3fb595488b176100
0x0000008dddffdce8:   000000070ec30218 000000070ec301b0
0x0000008dddffdcf8:   0000000000000009 000000070ec301a0
0x0000008dddffdd08:   0000008dddffdcf8 00000207d7b192f5
0x0000008dddffdd18:   0000000000000004 00000207d7b1a8c8
0x0000008dddffdd28:   0000000000000000 000000070ea93b98
0x0000008dddffdd38:   00000207d7b19320 0000008dddffdce0
0x0000008dddffdd48:   0000008dddffdd80 000000070ec30218
0x0000008dddffdd58:   0000020787ce792c 0000000000000000
0x0000008dddffdd68:   000000070ec301a0 000000070ec30218
0x0000008dddffdd78:   0000020787ce792c 000000070ec30218
0x0000008dddffdd88:   00000207d7b1a210 00000207d825db50
0x0000008dddffdd98:   0000000701f451a8 0000008dddffde18 

Instructions: (pc=0x00007ff9d6603809)
0x00007ff9d6603709:   8b 03 ba 01 00 00 00 48 8b cb ff 50 08 33 db 48
0x00007ff9d6603719:   85 ff 74 13 48 85 db 74 0e 48 8b 07 4c 8b c3 8b
0x00007ff9d6603729:   d6 48 8b cf ff 50 20 48 8b 5c 24 40 48 8b 6c 24
0x00007ff9d6603739:   48 48 8b 74 24 50 48 83 c4 30 5f c3 cc cc cc cc
0x00007ff9d6603749:   cc cc cc cc cc cc cc 4d 85 c0 74 11 49 8b 00 41
0x00007ff9d6603759:   80 f9 01 49 8b c8 0f 94 c2 48 ff 60 18 c3 cc cc
0x00007ff9d6603769:   cc cc cc cc cc cc cc 4d 85 c0 74 0d 49 8b 00 0f
0x00007ff9d6603779:   28 cb 49 8b c8 48 ff 60 38 c3 cc cc cc cc cc cc
0x00007ff9d6603789:   cc cc cc cc cc cc cc 4d 85 c0 74 0d 49 8b 00 41
0x00007ff9d6603799:   8b d1 49 8b c8 48 ff 60 48 c3 cc cc cc cc cc cc
0x00007ff9d66037a9:   cc cc cc cc cc cc cc 49 8b 00 49 8b c8 48 ff 60
0x00007ff9d66037b9:   18 cc cc cc cc cc cc 49 8b 00 49 8b c8 48 ff 60
0x00007ff9d66037c9:   08 cc cc cc cc cc cc 49 8b 00 49 8b c8 48 ff 60
0x00007ff9d66037d9:   28 cc cc cc cc cc cc 49 8b 00 0f 28 cb 49 8b c8
0x00007ff9d66037e9:   48 ff 60 20 cc cc cc 49 8b 00 0f 28 cb 49 8b c8
0x00007ff9d66037f9:   48 ff 60 10 cc cc cc 49 8b 00 0f 28 cb 49 8b c8
0x00007ff9d6603809:   48 ff 60 30 cc cc cc 48 8d 05 49 43 01 00 48 c7
0x00007ff9d6603819:   41 08 00 00 00 00 48 89 01 48 8b c1 c3 cc cc cc
0x00007ff9d6603829:   cc cc cc cc cc cc cc 40 53 48 83 ec 20 48 8d 05
0x00007ff9d6603839:   cb 42 01 00 48 8b d9 48 89 01 f6 c2 01 74 0a ba
0x00007ff9d6603849:   18 00 00 00 e8 9e 18 01 00 48 8b c3 48 83 c4 20
0x00007ff9d6603859:   5b c3 cc cc cc cc cc 40 53 48 83 ec 20 48 8d 05
0x00007ff9d6603869:   9b 42 01 00 48 8b d9 48 89 01 f6 c2 01 74 0a ba
0x00007ff9d6603879:   08 00 00 00 e8 6e 18 01 00 48 8b c3 48 83 c4 20
0x00007ff9d6603889:   5b c3 cc cc cc cc cc 4c 89 44 24 18 4c 89 4c 24
0x00007ff9d6603899:   20 48 83 ec 28 48 8b 01 4c 8d 4c 24 48 ff 90 30
0x00007ff9d66038a9:   01 00 00 48 83 c4 28 c3 cc cc cc cc cc cc cc cc
0x00007ff9d66038b9:   cc cc cc cc cc cc cc 4c 89 44 24 18 4c 89 4c 24
0x00007ff9d66038c9:   20 48 83 ec 28 48 8b 01 4c 8d 4c 24 48 ff 90 90
0x00007ff9d66038d9:   01 00 00 48 83 c4 28 c3 cc cc cc cc cc cc cc cc
0x00007ff9d66038e9:   cc cc cc cc cc cc cc 4c 89 44 24 18 4c 89 4c 24
0x00007ff9d66038f9:   20 48 83 ec 28 48 8b 01 4c 8d 4c 24 48 ff 90 a8 


Stack slot to memory mapping:

stack at sp + 0 slots: 0x000002078753ce0b is at code_begin+1067 in an Interpreter codelet
native method entry point (kind = native)  [0x000002078753c9e0, 0x000002078753d508]  2856 bytes
stack at sp + 1 slots: {method} {0x00000207d7b1d130} 'nativeSetGain' '(JD)V' in 'com/sun/media/jfxmediaimpl/NativeEqualizerBand'
stack at sp + 2 slots: 0x0000008dddffdc80 is pointing into the stack for thread: 0x00000207dbda2c70
stack at sp + 3 slots: 0x000000000000002c is an unknown value
stack at sp + 4 slots: 0x000002078753caf7 is at code_begin+279 in an Interpreter codelet
native method entry point (kind = native)  [0x000002078753c9e0, 0x000002078753d508]  2856 bytes
stack at sp + 5 slots: {method} {0x00000207d7b1d130} 'nativeSetGain' '(JD)V' in 'com/sun/media/jfxmediaimpl/NativeEqualizerBand'
stack at sp + 6 slots: 0x00000000000001c0 is an unknown value
stack at sp + 7 slots: 0x000000000000002c is an unknown value


Compiled method (c2)  255506 4483       4       javafx.beans.property.DoublePropertyBase::set (77 bytes)
 total in heap  [0x0000020787ce7710,0x0000020787ce7aa8] = 920
 relocation     [0x0000020787ce7870,0x0000020787ce7898] = 40
 main code      [0x0000020787ce78a0,0x0000020787ce79a8] = 264
 stub code      [0x0000020787ce79a8,0x0000020787ce79c0] = 24
 oops           [0x0000020787ce79c0,0x0000020787ce79c8] = 8
 metadata       [0x0000020787ce79c8,0x0000020787ce79e8] = 32
 scopes data    [0x0000020787ce79e8,0x0000020787ce7a20] = 56
 scopes pcs     [0x0000020787ce7a20,0x0000020787ce7a70] = 80
 dependencies   [0x0000020787ce7a70,0x0000020787ce7a78] = 8
 handler table  [0x0000020787ce7a78,0x0000020787ce7aa8] = 48

[Constant Pool (empty)]

[MachCode]
[Entry Point]
  # {method} {0x00000207d75f97f8} 'set' '(D)V' in 'javafx/beans/property/DoublePropertyBase'
  # this:     rdx:rdx   = 'javafx/beans/property/DoublePropertyBase'
  # parm0:    xmm0:xmm0   = double
  #           [sp+0x30]  (sp of caller)
  0x0000020787ce78a0: 448b 5208 | 49bb 0000 | 0096 0702 | 0000 4d03 | d349 3bc2 

  0x0000020787ce78b4: ;   {runtime_call ic_miss_stub}
  0x0000020787ce78b4: 0f85 c66e | 89ff 6690 | 0f1f 4000 
[Verified Entry Point]
  0x0000020787ce78c0: 8984 2400 | 80ff ff55 | 4883 ec20 | 4181 7f20 | 0300 0000 | 0f85 be00 | 0000 4889 | 1424 448b 
  0x0000020787ce78e0: 5a18 4585 | db75 6bc5 | fb10 4a10 | c5f9 2ec8 | 7a15 7513 | 4883 c420 

  0x0000020787ce78f8: ;   {poll_return}
  0x0000020787ce78f8: 5d49 3ba7 | 5004 0000 | 0f87 7c00 | 0000 c3c5 | fb11 4210 | 440f b652 | 0c45 85d2 | 74de 4488 
  0x0000020787ce7918: 620c 488b | ea48 b8ff | ffff ffff 

  0x0000020787ce7924: ;   {virtual_call}
  0x0000020787ce7924: ffff ffe8 

  0x0000020787ce7928: ; ImmutableOopMap {rbp=Oop }
                      ;*invokevirtual invalidated {reexecute=0 rethrow=0 return_oop=0}
                      ; - javafx.beans.property.DoublePropertyBase::markInvalid@13 (line 113)
                      ; - javafx.beans.property.DoublePropertyBase::set@73 (line 148)
  0x0000020787ce7928: 5c7a 9cff 

  0x0000020787ce792c: ;   {other}
  0x0000020787ce792c: 0f1f 8400 | 1c02 0000 | 488b d566 | 9048 b8ff | ffff ffff 

  0x0000020787ce7940: ;   {virtual_call}
  0x0000020787ce7940: ffff ffe8 

  0x0000020787ce7944: ; ImmutableOopMap {}
                      ;*invokevirtual fireValueChangedEvent {reexecute=0 rethrow=0 return_oop=0}
                      ; - javafx.beans.property.DoublePropertyBase::markInvalid@17 (line 114)
                      ; - javafx.beans.property.DoublePropertyBase::set@73 (line 148)
  0x0000020787ce7944: 707a 9cff 

  0x0000020787ce7948: ;   {other}
  0x0000020787ce7948: 0f1f 8400 | 3802 0001 | eba2 33ed | 4585 db40 | 0f95 c5ba | 45ff ffff 

  0x0000020787ce7960: ;   {runtime_call UncommonTrapBlob}
  0x0000020787ce7960: 6666 90e8 

  0x0000020787ce7964: ; ImmutableOopMap {[0]=Oop }
                      ;*ifeq {reexecute=1 rethrow=0 return_oop=0}
                      ; - (reexecute) javafx.beans.property.DoublePropertyBase::set@4 (line 142)
  0x0000020787ce7964: 98cc 89ff 

  0x0000020787ce7968: ;   {other}
  0x0000020787ce7968: 0f1f 8400 | 5802 0002 | 488b d0eb | 0348 8bd0 | 4883 c420 

  0x0000020787ce797c: ;   {runtime_call _rethrow_Java}
  0x0000020787ce797c: 5de9 feb6 

  0x0000020787ce7980: ;   {internal_word}
  0x0000020787ce7980: 96ff 49ba | f978 ce87 | 0702 0000 | 4d89 9768 

  0x0000020787ce7990: ;   {runtime_call SafepointBlob}
  0x0000020787ce7990: 0400 00e9 | 68dd 89ff 

  0x0000020787ce7998: ;   {runtime_call StubRoutines (final stubs)}
  0x0000020787ce7998: e8c3 d387 | ffe9 38ff | ffff f4f4 | f4f4 f4f4 
[Exception Handler]
  0x0000020787ce79a8: ;   {no_reloc}
  0x0000020787ce79a8: e953 3c96 | ffe8 0000 | 0000 4883 

  0x0000020787ce79b4: ;   {runtime_call DeoptimizationBlob}
  0x0000020787ce79b4: 2c24 05e9 | e4cf 89ff | f4f4 f4f4 
[/MachCode]


Compiled method (c1)  255514 2876       3       javafx.beans.property.DoublePropertyBase::fireValueChangedEvent (8 bytes)
 total in heap  [0x0000020780539210,0x00000207805396d8] = 1224
 relocation     [0x0000020780539370,0x00000207805393c0] = 80
 main code      [0x00000207805393c0,0x00000207805395e0] = 544
 stub code      [0x00000207805395e0,0x0000020780539628] = 72
 oops           [0x0000020780539628,0x0000020780539630] = 8
 metadata       [0x0000020780539630,0x0000020780539640] = 16
 scopes data    [0x0000020780539640,0x0000020780539660] = 32
 scopes pcs     [0x0000020780539660,0x00000207805396c0] = 96
 dependencies   [0x00000207805396c0,0x00000207805396c8] = 8
 nul chk table  [0x00000207805396c8,0x00000207805396d8] = 16

[Constant Pool (empty)]

[MachCode]
[Entry Point]
  # {method} {0x00000207d75f94e8} 'fireValueChangedEvent' '()V' in 'javafx/beans/property/DoublePropertyBase'
  #           [sp+0x40]  (sp of caller)
  0x00000207805393c0: 448b 5208 | 49bb 0000 | 0096 0702 | 0000 4d03 | d34c 3bd0 

  0x00000207805393d4: ;   {runtime_call ic_miss_stub}
  0x00000207805393d4: 0f85 a653 | 0407 660f | 1f44 0000 
[Verified Entry Point]
  0x00000207805393e0: 8984 2400 | 80ff ff55 | 4883 ec30 | 4181 7f20 | 0300 0000 

  0x00000207805393f4: ;   {runtime_call StubRoutines (final stubs)}
  0x00000207805393f4: 7405 e865 

  0x00000207805393f8: ;   {metadata(method data for {method} {0x00000207d75f94e8} 'fireValueChangedEvent' '()V' in 'javafx/beans/property/DoublePropertyBase')}
  0x00000207805393f8: b902 0748 | be60 18f5 | d707 0200 | 008b becc | 0000 0083 | c702 89be | cc00 0000 | 81e7 fe07 
  0x0000020780539418: 0000 85ff | 0f84 3501 | 0000 8b52 | 2048 c1e2 

  0x0000020780539428: ;   {metadata(method data for {method} {0x00000207d75f94e8} 'fireValueChangedEvent' '()V' in 'javafx/beans/property/DoublePropertyBase')}
  0x0000020780539428: 0348 be60 | 18f5 d707 | 0200 0048 | 8386 1001 

  0x0000020780539438: ;   {metadata(method data for {method} {0x00000207d75ae2e8} 'fireValueChangedEvent' '(Lcom/sun/javafx/binding/ExpressionHelper;)V' in 'com/sun/javafx/binding/ExpressionHelper')}
  0x0000020780539438: 0000 0148 | be98 d5b1 | d707 0200 | 008b becc | 0000 0083 | c702 89be | cc00 0000 | 81e7 feff 
  0x0000020780539458: 1f00 85ff | 0f84 1601 | 0000 4885 

  0x0000020780539464: ;   {metadata(method data for {method} {0x00000207d75ae2e8} 'fireValueChangedEvent' '(Lcom/sun/javafx/binding/ExpressionHelper;)V' in 'com/sun/javafx/binding/ExpressionHelper')}
  0x0000020780539464: d248 be98 | d5b1 d707 | 0200 0048 | bf10 0100 | 0000 0000 | 0074 0a48 | bf20 0100 | 0000 0000 
  0x0000020780539484: 0048 8b1c | 3e48 8d5b | 0148 891c | 3e0f 84ad | 0000 0048 | 3b02 488b 

  0x000002078053949c: ;   {metadata(method data for {method} {0x00000207d75ae2e8} 'fireValueChangedEvent' '(Lcom/sun/javafx/binding/ExpressionHelper;)V' in 'com/sun/javafx/binding/ExpressionHelper')}
  0x000002078053949c: f248 bf98 | d5b1 d707 | 0200 008b | 7608 49ba | 0000 0096 | 0702 0000 | 4903 f248 | 3bb7 4001 
  0x00000207805394bc: 0000 750d | 4883 8748 | 0100 0001 | e960 0000 | 0048 3bb7 | 5001 0000 | 750d 4883 | 8758 0100 
  0x00000207805394dc: 0001 e94a | 0000 0048 | 83bf 4001 | 0000 0075 | 1748 89b7 | 4001 0000 | 48c7 8748 | 0100 0001 
  0x00000207805394fc: 0000 00e9 | 2900 0000 | 4883 bf50 | 0100 0000 | 7517 4889 | b750 0100 | 0048 c787 | 5801 0000 
  0x000002078053951c: 0100 0000 | e908 0000 | 0048 8387 | 3001 0000 | 0148 b8ff | ffff ffff 

  0x0000020780539534: ;   {virtual_call}
  0x0000020780539534: ffff ffe8 

  0x0000020780539538: ; ImmutableOopMap {}
                      ;*invokevirtual fireValueChangedEvent {reexecute=0 rethrow=0 return_oop=0}
                      ; - com.sun.javafx.binding.ExpressionHelper::fireValueChangedEvent@5 (line 91)
                      ; - javafx.beans.property.DoublePropertyBase::fireValueChangedEvent@4 (line 107)
  0x0000020780539538: a487 1107 

  0x000002078053953c: ;   {other}
  0x000002078053953c: 0f1f 8400 | 2c03 0000 | 4883 c430 

  0x0000020780539548: ;   {poll_return}
  0x0000020780539548: 5d49 3ba7 | 5004 0000 | 0f87 4800 

  0x0000020780539554: ;   {metadata({method} {0x00000207d75f94e8} 'fireValueChangedEvent' '()V' in 'javafx/beans/property/DoublePropertyBase')}
  0x0000020780539554: 0000 c349 | bae0 945f | d707 0200 | 004c 8954 | 2408 48c7 | 0424 ffff 

  0x000002078053956c: ;   {runtime_call counter_overflow Runtime1 stub}
  0x000002078053956c: ffff e80d 

  0x0000020780539570: ; ImmutableOopMap {rdx=Oop }
                      ;*synchronization entry
                      ; - javafx.beans.property.DoublePropertyBase::fireValueChangedEvent@-1 (line 107)
  0x0000020780539570: 0b11 07e9 | aafe ffff 

  0x0000020780539578: ;   {metadata({method} {0x00000207d75ae2e8} 'fireValueChangedEvent' '(Lcom/sun/javafx/binding/ExpressionHelper;)V' in 'com/sun/javafx/binding/ExpressionHelper')}
  0x0000020780539578: 49ba e0e2 | 5ad7 0702 | 0000 4c89 | 5424 0848 | c704 24ff 

  0x000002078053958c: ;   {runtime_call counter_overflow Runtime1 stub}
  0x000002078053958c: ffff ffe8 

  0x0000020780539590: ; ImmutableOopMap {rdx=Oop }
                      ;*synchronization entry
                      ; - com.sun.javafx.binding.ExpressionHelper::fireValueChangedEvent@-1 (line 90)
                      ; - javafx.beans.property.DoublePropertyBase::fireValueChangedEvent@4 (line 107)
  0x0000020780539590: ec0a 1107 | e9c9 feff 

  0x0000020780539598: ;   {runtime_call throw_null_pointer_exception Runtime1 stub}
  0x0000020780539598: ffe8 6281 

  0x000002078053959c: ; ImmutableOopMap {rdx=Oop }
                      ;*invokevirtual fireValueChangedEvent {reexecute=0 rethrow=0 return_oop=0}
                      ; - com.sun.javafx.binding.ExpressionHelper::fireValueChangedEvent@5 (line 91)
                      ; - javafx.beans.property.DoublePropertyBase::fireValueChangedEvent@4 (line 107)
                      ;   {internal_word}
  0x000002078053959c: 1007 49ba | 4995 5380 | 0702 0000 | 4d89 9768 

  0x00000207805395ac: ;   {runtime_call SafepointBlob}
  0x00000207805395ac: 0400 00e9 | 4cc1 0407 | 498b 8700 | 0500 0049 | c787 0005 | 0000 0000 | 0000 49c7 | 8708 0500 
  0x00000207805395cc: 0000 0000 | 0048 83c4 

  0x00000207805395d4: ;   {runtime_call unwind_exception Runtime1 stub}
  0x00000207805395d4: 305d e9a5 | 6810 07f4 | f4f4 f4f4 
[Stub Code]
  0x00000207805395e0: ;   {no_reloc}
  0x00000207805395e0: 0f1f 4400 

  0x00000207805395e4: ;   {static_stub}
  0x00000207805395e4: 0048 bb00 | 0000 0000 

  0x00000207805395ec: ;   {runtime_call}
  0x00000207805395ec: 0000 00e9 | fbff ffff 
[Exception Handler]
  0x00000207805395f4: ;   {runtime_call handle_exception_from_callee Runtime1 stub}
  0x00000207805395f4: e807 c410 

  0x00000207805395f8: ;   {external_word}
  0x00000207805395f8: 0748 b9e0 | 475f 89f9 | 7f00 0048 

  0x0000020780539604: ;   {runtime_call}
  0x0000020780539604: 83e4 f048 | b840 2427 | 89f9 7f00 | 00ff d0f4 
[Deopt Handler Code]
  0x0000020780539614: ;   {section_word}
  0x0000020780539614: 49ba 1496 | 5380 0702 | 0000 4152 

  0x0000020780539620: ;   {runtime_call DeoptimizationBlob}
  0x0000020780539620: e97b b304 | 07f4 f4f4 
[/MachCode]


Compiled method (c1)  255539 3374       3       com.sun.javafx.event.CompositeEventHandler::dispatchBubblingEvent (57 bytes)
 total in heap  [0x0000020780620110,0x0000020780620938] = 2088
 relocation     [0x0000020780620270,0x00000207806202f8] = 136
 main code      [0x0000020780620300,0x0000020780620788] = 1160
 stub code      [0x0000020780620788,0x0000020780620800] = 120
 oops           [0x0000020780620800,0x0000020780620808] = 8
 metadata       [0x0000020780620808,0x0000020780620810] = 8
 scopes data    [0x0000020780620810,0x0000020780620868] = 88
 scopes pcs     [0x0000020780620868,0x0000020780620918] = 176
 dependencies   [0x0000020780620918,0x0000020780620920] = 8
 nul chk table  [0x0000020780620920,0x0000020780620938] = 24

[Constant Pool (empty)]

[MachCode]
[Entry Point]
  # {method} {0x00000207d78b9408} 'dispatchBubblingEvent' '(Ljavafx/event/Event;)V' in 'com/sun/javafx/event/CompositeEventHandler'
  # this:     rdx:rdx   = 'com/sun/javafx/event/CompositeEventHandler'
  # parm0:    r8:r8     = 'javafx/event/Event'
  #           [sp+0x50]  (sp of caller)
  0x0000020780620300: 448b 5208 | 49bb 0000 | 0096 0702 | 0000 4d03 | d34c 3bd0 

  0x0000020780620314: ;   {runtime_call ic_miss_stub}
  0x0000020780620314: 0f85 66e4 | f506 660f | 1f44 0000 
[Verified Entry Point]
  0x0000020780620320: 8984 2400 | 80ff ff55 | 4883 ec40 | 4181 7f20 | 0300 0000 

  0x0000020780620334: ;   {runtime_call StubRoutines (final stubs)}
  0x0000020780620334: 7405 e825 | 4af4 0648 | 8954 2418 | 4c89 4424 

  0x0000020780620344: ;   {metadata(method data for {method} {0x00000207d78b9408} 'dispatchBubblingEvent' '(Ljavafx/event/Event;)V' in 'com/sun/javafx/event/CompositeEventHandler')}
  0x0000020780620344: 2848 be50 | 73ef d707 | 0200 008b | becc 0000 | 0083 c702 | 89be cc00 | 0000 81e7 | fe07 0000 
  0x0000020780620364: 85ff 0f84 | 9303 0000 | 8b72 0c48 | c1e6 03e9 | 4502 0000 

  0x0000020780620378: ; implicit exception: dispatches to 0x0000020780620720
  0x0000020780620378: 483b 0648 

  0x000002078062037c: ;   {metadata(method data for {method} {0x00000207d78b9408} 'dispatchBubblingEvent' '(Ljavafx/event/Event;)V' in 'com/sun/javafx/event/CompositeEventHandler')}
  0x000002078062037c: 8bfe 48bb | 5073 efd7 | 0702 0000 | 8b7f 0849 | ba00 0000 | 9607 0200 | 0049 03fa | 483b bb40 
  0x000002078062039c: 0100 0075 | 0d48 8383 | 4801 0000 | 01e9 6000 | 0000 483b | bb50 0100 | 0075 0d48 | 8383 5801 
  0x00000207806203bc: 0000 01e9 | 4a00 0000 | 4883 bb40 | 0100 0000 | 7517 4889 | bb40 0100 | 0048 c783 | 4801 0000 
  0x00000207806203dc: 0100 0000 | e929 0000 | 0048 83bb | 5001 0000 | 0075 1748 | 89bb 5001 | 0000 48c7 | 8358 0100 
  0x00000207806203fc: 0001 0000 | 00e9 0800 | 0000 4883 | 8330 0100 | 0001 488b | d648 8974 | 2420 0f1f | 8000 0000 
  0x000002078062041c: 0048 b8d8 | 5116 9707 

  0x0000020780620424: ;   {virtual_call}
  0x0000020780620424: 0200 00e8 

  0x0000020780620428: ; ImmutableOopMap {[24]=Oop [32]=Oop [40]=Oop }
                      ;*invokevirtual isDisconnected {reexecute=0 rethrow=0 return_oop=0}
                      ; - com.sun.javafx.event.CompositeEventHandler::dispatchBubblingEvent@12 (line 77)
  0x0000020780620428: 743f 5e07 

  0x000002078062042c: ;   {other}
  0x000002078062042c: 0f1f 8400 | 1c03 0000 

  0x0000020780620434: ;   {metadata(method data for {method} {0x00000207d78b9408} 'dispatchBubblingEvent' '(Ljavafx/event/Event;)V' in 'com/sun/javafx/event/CompositeEventHandler')}
  0x0000020780620434: 85c0 49b8 | 5073 efd7 | 0702 0000 | 48ba 6801 | 0000 0000 | 0000 740a | 48ba 7801 | 0000 0000 
  0x0000020780620454: 0000 498b | 3410 488d | 7601 4989 | 3410 0f84 | 4a00 0000 | 488b 5424 

  0x000002078062046c: ;   {metadata(method data for {method} {0x00000207d78b9408} 'dispatchBubblingEvent' '(Ljavafx/event/Event;)V' in 'com/sun/javafx/event/CompositeEventHandler')}
  0x000002078062046c: 1849 b850 | 73ef d707 | 0200 0049 | 8380 8801 | 0000 014c | 8b44 2420 | 488b 5424 | 1866 0f1f 
  0x000002078062048c: ;   {optimized virtual_call}
  0x000002078062048c: 4400 00e8 

  0x0000020780620490: ; ImmutableOopMap {[24]=Oop [32]=Oop [40]=Oop }
                      ;*invokevirtual remove {reexecute=0 rethrow=0 return_oop=0}
                      ; - com.sun.javafx.event.CompositeEventHandler::dispatchBubblingEvent@20 (line 78)
  0x0000020780620490: ece5 f506 

  0x0000020780620494: ;   {other}
  0x0000020780620494: 0f1f 8400 | 8403 0001 

  0x000002078062049c: ;   {metadata(method data for {method} {0x00000207d78b9408} 'dispatchBubblingEvent' '(Ljavafx/event/Event;)V' in 'com/sun/javafx/event/CompositeEventHandler')}
  0x000002078062049c: 49b8 5073 | efd7 0702 | 0000 41ff | 80c0 0100 | 00e9 ba00 | 0000 488b 

  0x00000207806204b4: ;   {metadata(method data for {method} {0x00000207d78b9408} 'dispatchBubblingEvent' '(Ljavafx/event/Event;)V' in 'com/sun/javafx/event/CompositeEventHandler')}
  0x00000207806204b4: 7424 2049 | b850 73ef | d707 0200 | 008b 7608 | 49ba 0000 | 0096 0702 | 0000 4903 | f249 3bb0 
  0x00000207806204d4: e801 0000 | 750d 4983 | 80f0 0100 | 0001 e960 | 0000 0049 | 3bb0 f801 | 0000 750d | 4983 8000 
  0x00000207806204f4: 0200 0001 | e94a 0000 | 0049 83b8 | e801 0000 | 0075 1749 | 89b0 e801 | 0000 49c7 | 80f0 0100 
  0x0000020780620514: 0001 0000 | 00e9 2900 | 0000 4983 | b8f8 0100 | 0000 7517 | 4989 b0f8 | 0100 0049 | c780 0002 
  0x0000020780620534: 0000 0100 | 0000 e908 | 0000 0049 | 8380 d801 | 0000 014c | 8b44 2428 | 488b 5424 | 200f 1f40 
  0x0000020780620554: 0048 b8d8 | 5116 9707 

  0x000002078062055c: ;   {virtual_call}
  0x000002078062055c: 0200 00e8 

  0x0000020780620560: ; ImmutableOopMap {[24]=Oop [32]=Oop [40]=Oop }
                      ;*invokevirtual handleBubblingEvent {reexecute=0 rethrow=0 return_oop=0}
                      ; - com.sun.javafx.event.CompositeEventHandler::dispatchBubblingEvent@28 (line 80)
  0x0000020780620560: dc66 0000 

  0x0000020780620564: ;   {other}
  0x0000020780620564: 0f1f 8400 | 5404 0002 | 488b 7424 | 2044 8b46 | 0c49 c1e0 

  0x0000020780620578: ;   {metadata(method data for {method} {0x00000207d78b9408} 'dispatchBubblingEvent' '(Ljavafx/event/Event;)V' in 'com/sun/javafx/event/CompositeEventHandler')}
  0x0000020780620578: 0348 ba50 | 73ef d707 | 0200 008b | b2d0 0000 | 0083 c602 | 89b2 d000 | 0000 81e6 | fe3f 0000 
  0x0000020780620598: 85f6 0f84 | 8501 0000 | 4d8b 9758 

  0x00000207806205a4: ; ImmutableOopMap {r8=Oop [24]=Oop [40]=Oop }
                      ;*goto {reexecute=1 rethrow=0 return_oop=0}
                      ; - (reexecute) com.sun.javafx.event.CompositeEventHandler::dispatchBubblingEvent@36 (line 82)
                      ;   {poll}
  0x00000207806205a4: 0400 0041 

  0x00000207806205a8: ;   {metadata(method data for {method} {0x00000207d78b9408} 'dispatchBubblingEvent' '(Ljavafx/event/Event;)V' in 'com/sun/javafx/event/CompositeEventHandler')}
  0x00000207806205a8: 8502 48ba | 5073 efd7 | 0702 0000 | ff82 1002 | 0000 498b | f048 85f6 

  0x00000207806205c0: ;   {metadata(method data for {method} {0x00000207d78b9408} 'dispatchBubblingEvent' '(Ljavafx/event/Event;)V' in 'com/sun/javafx/event/CompositeEventHandler')}
  0x00000207806205c0: 48bf 5073 | efd7 0702 | 0000 48bb | 2001 0000 | 0000 0000 | 750a 48bb | 1001 0000 | 0000 0000 
  0x00000207806205e0: 488b 041f | 488d 4001 | 4889 041f | 0f85 86fd | ffff 488b | 5424 188b | 5214 48c1 | e203 4885 
  0x0000020780620600: ;   {metadata(method data for {method} {0x00000207d78b9408} 'dispatchBubblingEvent' '(Ljavafx/event/Event;)V' in 'com/sun/javafx/event/CompositeEventHandler')}
  0x0000020780620600: d249 b850 | 73ef d707 | 0200 0048 | be28 0200 | 0000 0000 | 0074 0a48 | be38 0200 | 0000 0000 
  0x0000020780620620: 0049 8b3c | 3048 8d7f | 0149 893c | 300f 84b9 | 0000 004c | 8b44 2428 

  0x0000020780620638: ; implicit exception: dispatches to 0x0000020780620746
  0x0000020780620638: 483b 0248 

  0x000002078062063c: ;   {metadata(method data for {method} {0x00000207d78b9408} 'dispatchBubblingEvent' '(Ljavafx/event/Event;)V' in 'com/sun/javafx/event/CompositeEventHandler')}
  0x000002078062063c: 8bf2 48bf | 5073 efd7 | 0702 0000 | 8b76 0849 | ba00 0000 | 9607 0200 | 0049 03f2 | 483b b758 
  0x000002078062065c: 0200 0075 | 0d48 8387 | 6002 0000 | 01e9 6000 | 0000 483b | b768 0200 | 0075 0d48 | 8387 7002 
  0x000002078062067c: 0000 01e9 | 4a00 0000 | 4883 bf58 | 0200 0000 | 7517 4889 | b758 0200 | 0048 c787 | 6002 0000 
  0x000002078062069c: 0100 0000 | e929 0000 | 0048 83bf | 6802 0000 | 0075 1748 | 89b7 6802 | 0000 48c7 | 8770 0200 
  0x00000207806206bc: 0001 0000 | 00e9 0800 | 0000 4883 | 8748 0200 | 0001 0f1f | 8000 0000 | 0048 b840 | d135 e707 
  0x00000207806206dc: ;   {virtual_call}
  0x00000207806206dc: 0200 00e8 

  0x00000207806206e0: ; ImmutableOopMap {}
                      ;*invokeinterface handle {reexecute=0 rethrow=0 return_oop=0}
                      ; - com.sun.javafx.event.CompositeEventHandler::dispatchBubblingEvent@51 (line 86)
  0x00000207806206e0: ac0f 0307 

  0x00000207806206e4: ;   {other}
  0x00000207806206e4: 0f1f 8400 | d405 0004 | 4883 c440 

  0x00000207806206f0: ;   {poll_return}
  0x00000207806206f0: 5d49 3ba7 | 5004 0000 | 0f87 4d00 

  0x00000207806206fc: ;   {metadata({method} {0x00000207d78b9408} 'dispatchBubblingEvent' '(Ljavafx/event/Event;)V' in 'com/sun/javafx/event/CompositeEventHandler')}
  0x00000207806206fc: 0000 c349 | ba00 948b | d707 0200 | 004c 8954 | 2408 48c7 | 0424 ffff 

  0x0000020780620714: ;   {runtime_call counter_overflow Runtime1 stub}
  0x0000020780620714: ffff e865 

  0x0000020780620718: ; ImmutableOopMap {rdx=Oop r8=Oop [24]=Oop [40]=Oop }
                      ;*synchronization entry
                      ; - com.sun.javafx.event.CompositeEventHandler::dispatchBubblingEvent@-1 (line 73)
  0x0000020780620718: 9902 07e9 | 4cfc ffff 

  0x0000020780620720: ;   {runtime_call throw_null_pointer_exception Runtime1 stub}
  0x0000020780620720: e8db 0f02 

  0x0000020780620724: ; ImmutableOopMap {rsi=Oop [24]=Oop [40]=Oop }
                      ;*invokevirtual isDisconnected {reexecute=0 rethrow=0 return_oop=0}
                      ; - com.sun.javafx.event.CompositeEventHandler::dispatchBubblingEvent@12 (line 77)
                      ;   {metadata({method} {0x00000207d78b9408} 'dispatchBubblingEvent' '(Ljavafx/event/Event;)V' in 'com/sun/javafx/event/CompositeEventHandler')}
  0x0000020780620724: 0749 ba00 | 948b d707 | 0200 004c | 8954 2408 | 48c7 0424 | 2400 0000 

  0x000002078062073c: ;   {runtime_call counter_overflow Runtime1 stub}
  0x000002078062073c: e83f 9902 

  0x0000020780620740: ; ImmutableOopMap {r8=Oop [24]=Oop [40]=Oop }
                      ;*goto {reexecute=1 rethrow=0 return_oop=0}
                      ; - (reexecute) com.sun.javafx.event.CompositeEventHandler::dispatchBubblingEvent@36 (line 82)
  0x0000020780620740: 07e9 5afe 

  0x0000020780620744: ;   {runtime_call throw_null_pointer_exception Runtime1 stub}
  0x0000020780620744: ffff e8b5 

  0x0000020780620748: ; ImmutableOopMap {r8=Oop rdx=Oop [40]=Oop }
                      ;*invokeinterface handle {reexecute=0 rethrow=0 return_oop=0}
                      ; - com.sun.javafx.event.CompositeEventHandler::dispatchBubblingEvent@51 (line 86)
                      ;   {internal_word}
  0x0000020780620748: 0f02 0749 | baf1 0662 | 8007 0200 | 004d 8997 | 6804 0000 

  0x000002078062075c: ;   {runtime_call SafepointBlob}
  0x000002078062075c: e99f 4ff6 | 0649 8b87 | 0005 0000 | 49c7 8700 | 0500 0000 | 0000 0049 | c787 0805 | 0000 0000 
  0x000002078062077c: 0000 4883 

  0x0000020780620780: ;   {runtime_call unwind_exception Runtime1 stub}
  0x0000020780620780: c440 5de9 | f8f6 0107 
[Stub Code]
  0x0000020780620788: ;   {no_reloc}
  0x0000020780620788: 0f1f 4400 

  0x000002078062078c: ;   {static_stub}
  0x000002078062078c: 0048 bb00 | 0000 0000 

  0x0000020780620794: ;   {runtime_call}
  0x0000020780620794: 0000 00e9 | fbff ffff 

  0x000002078062079c: ;   {static_stub}
  0x000002078062079c: 9048 bb00 | 0000 0000 

  0x00000207806207a4: ;   {runtime_call}
  0x00000207806207a4: 0000 00e9 | fbff ffff 

  0x00000207806207ac: ;   {static_stub}
  0x00000207806207ac: 9048 bb00 | 0000 0000 

  0x00000207806207b4: ;   {runtime_call}
  0x00000207806207b4: 0000 00e9 | fbff ffff 

  0x00000207806207bc: ;   {static_stub}
  0x00000207806207bc: 48bb 0000 | 0000 0000 

  0x00000207806207c4: ;   {runtime_call}
  0x00000207806207c4: 0000 e9fb 

  0x00000207806207c8: ;   {runtime_call handle_exception_from_callee Runtime1 stub}
  0x00000207806207c8: ffff ffe8 | 3052 0207 

  0x00000207806207d0: ;   {external_word}
  0x00000207806207d0: 48b9 e047 | 5f89 f97f | 0000 4883 

  0x00000207806207dc: ;   {runtime_call}
  0x00000207806207dc: e4f0 48b8 | 4024 2789 | f97f 0000 

  0x00000207806207e8: ;   {section_word}
  0x00000207806207e8: ffd0 f449 | baeb 0762 | 8007 0200 

  0x00000207806207f4: ;   {runtime_call DeoptimizationBlob}
  0x00000207806207f4: 0041 52e9 | a441 f606 | f4f4 f4f4 
[/MachCode]


---------------  P R O C E S S  ---------------

Threads class SMR info:
_java_thread_list=0x00000207e727b710, length=23, elements={
0x00000207f44e61c0, 0x0000020795cc2ac0, 0x0000020795cc33f0, 0x0000020795cc5d70,
0x0000020795cc6b80, 0x0000020795cca6a0, 0x0000020795ccf4c0, 0x0000020795cd46d0,
0x0000020795cd8d90, 0x00000207db0c9080, 0x00000207db9fec00, 0x00000207db9ff270,
0x00000207db3ef320, 0x00000207dbda6670, 0x00000207dbda2c70, 0x00000207dc2bada0,
0x00000207dc2cff50, 0x00000207e7389cc0, 0x00000207e7386ed0, 0x00000207e738a350,
0x00000207db877da0, 0x00000207db874920, 0x00000207db873c00
}

Java Threads: ( => current thread )
  0x00000207f44e61c0 JavaThread "main"                              [_thread_blocked, id=25128, stack(0x0000008ddc600000,0x0000008ddc700000) (1024K)]
  0x0000020795cc2ac0 JavaThread "Reference Handler"          daemon [_thread_blocked, id=19864, stack(0x0000008ddce00000,0x0000008ddcf00000) (1024K)]
  0x0000020795cc33f0 JavaThread "Finalizer"                  daemon [_thread_blocked, id=28636, stack(0x0000008ddcf00000,0x0000008ddd000000) (1024K)]
  0x0000020795cc5d70 JavaThread "Signal Dispatcher"          daemon [_thread_blocked, id=30984, stack(0x0000008ddd000000,0x0000008ddd100000) (1024K)]
  0x0000020795cc6b80 JavaThread "Attach Listener"            daemon [_thread_blocked, id=29292, stack(0x0000008ddd100000,0x0000008ddd200000) (1024K)]
  0x0000020795cca6a0 JavaThread "Service Thread"             daemon [_thread_blocked, id=30780, stack(0x0000008ddd200000,0x0000008ddd300000) (1024K)]
  0x0000020795ccf4c0 JavaThread "Monitor Deflation Thread"   daemon [_thread_blocked, id=13552, stack(0x0000008ddd300000,0x0000008ddd400000) (1024K)]
  0x0000020795cd46d0 JavaThread "C2 CompilerThread0"         daemon [_thread_blocked, id=30676, stack(0x0000008ddd400000,0x0000008ddd500000) (1024K)]
  0x0000020795cd8d90 JavaThread "C1 CompilerThread0"         daemon [_thread_blocked, id=31456, stack(0x0000008ddd500000,0x0000008ddd600000) (1024K)]
  0x00000207db0c9080 JavaThread "Common-Cleaner"             daemon [_thread_blocked, id=9992, stack(0x0000008ddd600000,0x0000008ddd700000) (1024K)]
  0x00000207db9fec00 JavaThread "Monitor Ctrl-Break"         daemon [_thread_in_native, id=6324, stack(0x0000008ddd900000,0x0000008ddda00000) (1024K)]
  0x00000207db9ff270 JavaThread "Notification Thread"        daemon [_thread_blocked, id=29108, stack(0x0000008ddda00000,0x0000008dddb00000) (1024K)]
  0x00000207db3ef320 JavaThread "QuantumRenderer-0"          daemon [_thread_blocked, id=29152, stack(0x0000008dddb00000,0x0000008dddc00000) (1024K)]
  0x00000207dbda6670 JavaThread "InvokeLaterDispatcher"      daemon [_thread_blocked, id=5148, stack(0x0000008ddde00000,0x0000008dddf00000) (1024K)]
=>0x00000207dbda2c70 JavaThread "JavaFX Application Thread"         [_thread_in_native, id=24740, stack(0x0000008dddf00000,0x0000008dde000000) (1024K)]
  0x00000207dc2bada0 JavaThread "Thread-1"                   daemon [_thread_in_native, id=27224, stack(0x0000008ddec00000,0x0000008dded00000) (1024K)]
  0x00000207dc2cff50 JavaThread "JavaFX-Launcher"                   [_thread_blocked, id=26688, stack(0x0000008dded00000,0x0000008ddee00000) (1024K)]
  0x00000207e7389cc0 JavaThread "Prism Font Disposer"        daemon [_thread_blocked, id=12688, stack(0x0000008ddd700000,0x0000008ddd800000) (1024K)]
  0x00000207e7386ed0 JavaThread "Media Resource Disposer"    daemon [_thread_blocked, id=30952, stack(0x0000008ddf200000,0x0000008ddf300000) (1024K)]
  0x00000207e738a350 JavaThread "Cleaner-0"                  daemon [_thread_blocked, id=18676, stack(0x0000008ddfd00000,0x0000008ddfe00000) (1024K)]
  0x00000207db877da0 JavaThread "JFXMedia Player EventQueueThread" daemon [_thread_blocked, id=2136, stack(0x0000008de0600000,0x0000008de0700000) (1024K)]
  0x00000207db874920 JavaThread "Timer-51"                          [_thread_blocked, id=32564, stack(0x0000008de0a00000,0x0000008de0b00000) (1024K)]
  0x00000207db873c00 JavaThread "Timer-52"                   daemon [_thread_blocked, id=33064, stack(0x0000008de0b00000,0x0000008de0c00000) (1024K)]
Total: 23

Other Threads:
  0x0000020795ca4390 VMThread "VM Thread"                           [id=24152, stack(0x0000008ddcd00000,0x0000008ddce00000) (1024K)]
  0x0000020795c8bb90 WatcherThread "VM Periodic Task Thread"        [id=9916, stack(0x0000008ddcc00000,0x0000008ddcd00000) (1024K)]
  0x00000207f4759160 WorkerThread "GC Thread#0"                     [id=29808, stack(0x0000008ddc700000,0x0000008ddc800000) (1024K)]
  0x00000207dc25a180 WorkerThread "GC Thread#1"                     [id=13536, stack(0x0000008ddd800000,0x0000008ddd900000) (1024K)]
  0x00000207dc25a520 WorkerThread "GC Thread#2"                     [id=26976, stack(0x0000008dde800000,0x0000008dde900000) (1024K)]
  0x00000207dc25b0d0 WorkerThread "GC Thread#3"                     [id=25288, stack(0x0000008dde900000,0x0000008ddea00000) (1024K)]
  0x00000207dc260490 WorkerThread "GC Thread#4"                     [id=22664, stack(0x0000008ddea00000,0x0000008ddeb00000) (1024K)]
  0x00000207dc263050 WorkerThread "GC Thread#5"                     [id=32276, stack(0x0000008ddeb00000,0x0000008ddec00000) (1024K)]
  0x00000207dc735ce0 WorkerThread "GC Thread#6"                     [id=29356, stack(0x0000008ddee00000,0x0000008ddef00000) (1024K)]
  0x00000207dc736f00 WorkerThread "GC Thread#7"                     [id=27728, stack(0x0000008ddef00000,0x0000008ddf000000) (1024K)]
  0x00000207dc736080 WorkerThread "GC Thread#8"                     [id=22288, stack(0x0000008ddf000000,0x0000008ddf100000) (1024K)]
  0x00000207dc736420 WorkerThread "GC Thread#9"                     [id=30144, stack(0x0000008ddf100000,0x0000008ddf200000) (1024K)]
  0x00000207f476a290 ConcurrentGCThread "G1 Main Marker"            [id=30956, stack(0x0000008ddc800000,0x0000008ddc900000) (1024K)]
  0x00000207f476b530 WorkerThread "G1 Conc#0"                       [id=31200, stack(0x0000008ddc900000,0x0000008ddca00000) (1024K)]
  0x00000207e72c8a20 WorkerThread "G1 Conc#1"                       [id=33168, stack(0x0000008de0c00000,0x0000008de0d00000) (1024K)]
  0x00000207db6e1f00 WorkerThread "G1 Conc#2"                       [id=30552, stack(0x0000008de0d00000,0x0000008de0e00000) (1024K)]
  0x0000020795b49990 ConcurrentGCThread "G1 Refine#0"               [id=14540, stack(0x0000008ddca00000,0x0000008ddcb00000) (1024K)]
  0x0000020795b4bf30 ConcurrentGCThread "G1 Service"                [id=31920, stack(0x0000008ddcb00000,0x0000008ddcc00000) (1024K)]
Total: 18

Threads with active compile tasks:
Total: 0

VM state: not at safepoint (normal execution)

VM Mutex/Monitor currently owned by a thread: None

Heap address: 0x0000000701200000, size: 4078 MB, Compressed Oops mode: Zero based, Oop shift amount: 3

CDS archive(s) mapped at: [0x0000020796000000-0x0000020796c90000-0x0000020796c90000), size 13172736, SharedBaseAddress: 0x0000020796000000, ArchiveRelocationMode: 1.
Compressed class space mapped at: 0x0000020797000000-0x00000207d7000000, reserved size: 1073741824
Narrow klass base: 0x0000020796000000, Narrow klass shift: 0, Narrow klass range: 0x100000000

GC Precious Log:
 CardTable entry size: 512
 Card Set container configuration: InlinePtr #cards 4 size 8 Array Of Cards #cards 16 size 48 Howl #buckets 8 coarsen threshold 3686 Howl Bitmap #cards 512 size 80 coarsen threshold 460 Card regions per heap region 1 cards per card region 4096
 CPUs: 12 total, 12 available
 Memory: 16309M
 Large Page Support: Disabled
 NUMA Support: Disabled
 Compressed Oops: Enabled (Zero based)
 Heap Region Size: 2M
 Heap Min Capacity: 8M
 Heap Initial Capacity: 256M
 Heap Max Capacity: 4078M
 Pre-touch: Disabled
 Parallel Workers: 10
 Concurrent Workers: 3
 Concurrent Refinement Workers: 10
 Periodic GC: Disabled

Heap:
 garbage-first heap   total 81920K, used 24767K [0x0000000701200000, 0x0000000800000000)
  region size 2048K, 7 young (14336K), 3 survivors (6144K)
 Metaspace       used 21529K, committed 21952K, reserved 1114112K
  class space    used 3115K, committed 3328K, reserved 1048576K

Heap Regions: E=young(eden), S=young(survivor), O=old, HS=humongous(starts), HC=humongous(continues), CS=collection set, F=free, TAMS=top-at-mark-start, PB=parsable bottom
|   0|0x0000000701200000, 0x0000000701200000, 0x0000000701400000|  0%| F|  |TAMS 0x0000000701200000| PB 0x0000000701200000| Untracked 
|   1|0x0000000701400000, 0x0000000701600000, 0x0000000701600000|100%| O|  |TAMS 0x0000000701400000| PB 0x0000000701400000| Untracked 
|   2|0x0000000701600000, 0x0000000701800000, 0x0000000701800000|100%| O|  |TAMS 0x0000000701600000| PB 0x0000000701600000| Untracked 
|   3|0x0000000701800000, 0x0000000701800000, 0x0000000701a00000|  0%| F|  |TAMS 0x0000000701800000| PB 0x0000000701800000| Untracked 
|   4|0x0000000701a00000, 0x0000000701c00000, 0x0000000701c00000|100%|HS|  |TAMS 0x0000000701a00000| PB 0x0000000701a00000| Complete 
|   5|0x0000000701c00000, 0x0000000701c00000, 0x0000000701e00000|  0%| F|  |TAMS 0x0000000701c00000| PB 0x0000000701c00000| Untracked 
|   6|0x0000000701e00000, 0x0000000702000000, 0x0000000702000000|100%| O|  |TAMS 0x0000000701e00000| PB 0x0000000701e00000| Untracked 
|   7|0x0000000702000000, 0x0000000702200000, 0x0000000702200000|100%| O|  |TAMS 0x0000000702000000| PB 0x0000000702000000| Untracked 
|   8|0x0000000702200000, 0x000000070220ddd8, 0x0000000702400000|  2%| O|Cm|TAMS 0x0000000702200000| PB 0x0000000702200000| Complete 
|   9|0x0000000702400000, 0x0000000702400000, 0x0000000702600000|  0%| F|  |TAMS 0x0000000702400000| PB 0x0000000702400000| Untracked 
|  10|0x0000000702600000, 0x0000000702600000, 0x0000000702800000|  0%| F|  |TAMS 0x0000000702600000| PB 0x0000000702600000| Untracked 
|  11|0x0000000702800000, 0x0000000702800000, 0x0000000702a00000|  0%| F|  |TAMS 0x0000000702800000| PB 0x0000000702800000| Untracked 
|  12|0x0000000702a00000, 0x0000000702c00000, 0x0000000702c00000|100%|HS|  |TAMS 0x0000000702a00000| PB 0x0000000702a00000| Complete 
|  13|0x0000000702c00000, 0x0000000702e00000, 0x0000000702e00000|100%|HS|  |TAMS 0x0000000702c00000| PB 0x0000000702c00000| Complete 
|  14|0x0000000702e00000, 0x0000000702e00000, 0x0000000703000000|  0%| F|  |TAMS 0x0000000702e00000| PB 0x0000000702e00000| Untracked 
|  15|0x0000000703000000, 0x0000000703000000, 0x0000000703200000|  0%| F|  |TAMS 0x0000000703000000| PB 0x0000000703000000| Untracked 
|  16|0x0000000703200000, 0x0000000703200000, 0x0000000703400000|  0%| F|  |TAMS 0x0000000703200000| PB 0x0000000703200000| Untracked 
|  17|0x0000000703400000, 0x0000000703400000, 0x0000000703600000|  0%| F|  |TAMS 0x0000000703400000| PB 0x0000000703400000| Untracked 
|  18|0x0000000703600000, 0x0000000703600000, 0x0000000703800000|  0%| F|  |TAMS 0x0000000703600000| PB 0x0000000703600000| Untracked 
|  19|0x0000000703800000, 0x0000000703800000, 0x0000000703a00000|  0%| F|  |TAMS 0x0000000703800000| PB 0x0000000703800000| Untracked 
|  20|0x0000000703a00000, 0x0000000703a00000, 0x0000000703c00000|  0%| F|  |TAMS 0x0000000703a00000| PB 0x0000000703a00000| Untracked 
|  21|0x0000000703c00000, 0x0000000703c00000, 0x0000000703e00000|  0%| F|  |TAMS 0x0000000703c00000| PB 0x0000000703c00000| Untracked 
|  22|0x0000000703e00000, 0x0000000703e00000, 0x0000000704000000|  0%| F|  |TAMS 0x0000000703e00000| PB 0x0000000703e00000| Untracked 
|  23|0x0000000704000000, 0x0000000704000000, 0x0000000704200000|  0%| F|  |TAMS 0x0000000704000000| PB 0x0000000704000000| Untracked 
|  24|0x0000000704200000, 0x0000000704200000, 0x0000000704400000|  0%| F|  |TAMS 0x0000000704200000| PB 0x0000000704200000| Untracked 
|  25|0x0000000704400000, 0x0000000704400000, 0x0000000704600000|  0%| F|  |TAMS 0x0000000704400000| PB 0x0000000704400000| Untracked 
|  26|0x0000000704600000, 0x0000000704600000, 0x0000000704800000|  0%| F|  |TAMS 0x0000000704600000| PB 0x0000000704600000| Untracked 
|  27|0x0000000704800000, 0x0000000704800000, 0x0000000704a00000|  0%| F|  |TAMS 0x0000000704800000| PB 0x0000000704800000| Untracked 
|  28|0x0000000704a00000, 0x0000000704a00000, 0x0000000704c00000|  0%| F|  |TAMS 0x0000000704a00000| PB 0x0000000704a00000| Untracked 
|  29|0x0000000704c00000, 0x0000000704c00000, 0x0000000704e00000|  0%| F|  |TAMS 0x0000000704c00000| PB 0x0000000704c00000| Untracked 
|  30|0x0000000704e00000, 0x0000000704e00000, 0x0000000705000000|  0%| F|  |TAMS 0x0000000704e00000| PB 0x0000000704e00000| Untracked 
|  31|0x0000000705000000, 0x0000000705000000, 0x0000000705200000|  0%| F|  |TAMS 0x0000000705000000| PB 0x0000000705000000| Untracked 
|  32|0x0000000705200000, 0x0000000705200000, 0x0000000705400000|  0%| F|  |TAMS 0x0000000705200000| PB 0x0000000705200000| Untracked 
|  33|0x0000000705400000, 0x0000000705574688, 0x0000000705600000| 72%| E|  |TAMS 0x0000000705400000| PB 0x0000000705400000| Complete 
|  34|0x0000000705600000, 0x0000000705800000, 0x0000000705800000|100%| E|CS|TAMS 0x0000000705600000| PB 0x0000000705600000| Complete 
|  35|0x0000000705800000, 0x0000000705a00000, 0x0000000705a00000|100%| E|CS|TAMS 0x0000000705800000| PB 0x0000000705800000| Complete 
| 107|0x000000070e800000, 0x000000070e822160, 0x000000070ea00000|  6%| S|CS|TAMS 0x000000070e800000| PB 0x000000070e800000| Complete 
| 108|0x000000070ea00000, 0x000000070ec00000, 0x000000070ec00000|100%| S|CS|TAMS 0x000000070ea00000| PB 0x000000070ea00000| Complete 
| 109|0x000000070ec00000, 0x000000070ee00000, 0x000000070ee00000|100%| S|CS|TAMS 0x000000070ec00000| PB 0x000000070ec00000| Complete 
| 127|0x0000000711000000, 0x0000000711200000, 0x0000000711200000|100%| E|CS|TAMS 0x0000000711000000| PB 0x0000000711000000| Complete 

Card table byte_map: [0x00000207ff7a0000,0x00000207fffa0000] _byte_map_base: 0x00000207fbf97000

Marking Bits: (CMBitMap*) 0x00000207f4759860
 Bits: [0x000002078f000000, 0x0000020792fb8000)

Polling page: 0x00000207f47b0000

Metaspace:

Usage:
  Non-class:     17.98 MB used.
      Class:      3.04 MB used.
       Both:     21.03 MB used.

Virtual space:
  Non-class space:       64.00 MB reserved,      18.19 MB ( 28%) committed,  1 nodes.
      Class space:        1.00 GB reserved,       3.25 MB ( <1%) committed,  1 nodes.
             Both:        1.06 GB reserved,      21.44 MB (  2%) committed. 

Chunk freelists:
   Non-Class:  13.12 MB
       Class:  12.80 MB
        Both:  25.92 MB

MaxMetaspaceSize: unlimited
CompressedClassSpaceSize: 1.00 GB
Initial GC threshold: 21.00 MB
Current GC threshold: 35.25 MB
CDS: on
 - commit_granule_bytes: 65536.
 - commit_granule_words: 8192.
 - virtual_space_node_default_size: 8388608.
 - enlarge_chunks_in_place: 1.
 - use_allocation_guard: 0.


Internal statistics:

num_allocs_failed_limit: 3.
num_arena_births: 446.
num_arena_deaths: 0.
num_vsnodes_births: 2.
num_vsnodes_deaths: 0.
num_space_committed: 343.
num_space_uncommitted: 0.
num_chunks_returned_to_freelist: 3.
num_chunks_taken_from_freelist: 1177.
num_chunk_merges: 3.
num_chunk_splits: 798.
num_chunks_enlarged: 584.
num_inconsistent_stats: 0.

CodeHeap 'non-profiled nmethods': size=120000Kb used=2949Kb max_used=2949Kb free=117050Kb
 bounds [0x0000020787ad0000, 0x0000020787dc0000, 0x000002078f000000]
CodeHeap 'profiled nmethods': size=120000Kb used=11332Kb max_used=11332Kb free=108667Kb
 bounds [0x0000020780000000, 0x0000020780b20000, 0x0000020787530000]
CodeHeap 'non-nmethods': size=5760Kb used=1865Kb max_used=1906Kb free=3894Kb
 bounds [0x0000020787530000, 0x00000207877a0000, 0x0000020787ad0000]
 total_blobs=6448 nmethods=5584 adapters=767
 compilation: enabled
              stopped_count=0, restarted_count=0
 full_count=0

Compilation events (20 events):
Event: 254.613 Thread 0x0000020795cd8d90 5575       3       com.sun.marlin.Stroker::emitReverse (12 bytes)
Event: 254.614 Thread 0x0000020795cd8d90 nmethod 5575 0x0000020780b0d690 code [0x0000020780b0d840, 0x0000020780b0d998]
Event: 254.614 Thread 0x0000020795cd8d90 5577       3       com.sun.marlin.Stroker::finish (257 bytes)
Event: 254.614 Thread 0x0000020795cd8d90 nmethod 5577 0x0000020780b0da90 code [0x0000020780b0dd00, 0x0000020780b0e4f8]
Event: 254.650 Thread 0x0000020795cd46d0 5578       4       com.sun.prism.impl.VertexBuffer::setPerVertexColor (63 bytes)
Event: 254.651 Thread 0x0000020795cd46d0 nmethod 5578 0x0000020787db0a90 code [0x0000020787db0c40, 0x0000020787db0db8]
Event: 254.854 Thread 0x0000020795cd8d90 5579       1       com.sun.prism.BasicStroke::getType (5 bytes)
Event: 254.854 Thread 0x0000020795cd8d90 nmethod 5579 0x0000020787db0e90 code [0x0000020787db1020, 0x0000020787db10e8]
Event: 254.871 Thread 0x0000020795cd8d90 5580       3       javafx.css.SizeUnits$5::pixels (11 bytes)
Event: 254.871 Thread 0x0000020795cd8d90 nmethod 5580 0x0000020780b0e790 code [0x0000020780b0e960, 0x0000020780b0ebd0]
Event: 254.871 Thread 0x0000020795cd8d90 5581       3       javafx.css.SizeUnits::pixelSize (18 bytes)
Event: 254.871 Thread 0x0000020795cd8d90 nmethod 5581 0x0000020780b0ed10 code [0x0000020780b0eec0, 0x0000020780b0f090]
Event: 254.871 Thread 0x0000020795cd8d90 5582       3       javafx.css.SizeUnits::round (38 bytes)
Event: 254.872 Thread 0x0000020795cd8d90 nmethod 5582 0x0000020780b0f190 code [0x0000020780b0f380, 0x0000020780b0f5a8]
Event: 254.872 Thread 0x0000020795cd8d90 5583       3       com.sun.javafx.sg.prism.NGNode::renderRectClip (114 bytes)
Event: 254.873 Thread 0x0000020795cd8d90 nmethod 5583 0x0000020780b0f690 code [0x0000020780b0f980, 0x0000020780b109d8]
Event: 254.873 Thread 0x0000020795cd46d0 5584       4       com.sun.prism.impl.ManagedResource::lock (20 bytes)
Event: 254.874 Thread 0x0000020795cd46d0 nmethod 5584 0x0000020787db1190 code [0x0000020787db1320, 0x0000020787db13b8]
Event: 255.207 Thread 0x0000020795cd8d90 5585       3       javafx.css.CompoundSelector::stateMatches (18 bytes)
Event: 255.207 Thread 0x0000020795cd8d90 nmethod 5585 0x0000020780b10e90 code [0x0000020780b11040, 0x0000020780b11278]

GC Heap History (12 events):
Event: 1.117 GC heap before
{Heap before GC invocations=0 (full 0):
 garbage-first heap   total 262144K, used 22528K [0x0000000701200000, 0x0000000800000000)
  region size 2048K, 11 young (22528K), 0 survivors (0K)
 Metaspace       used 4073K, committed 4288K, reserved 1114112K
  class space    used 410K, committed 512K, reserved 1048576K
}
Event: 1.123 GC heap after
{Heap after GC invocations=1 (full 0):
 garbage-first heap   total 262144K, used 2421K [0x0000000701200000, 0x0000000800000000)
  region size 2048K, 2 young (4096K), 2 survivors (4096K)
 Metaspace       used 4073K, committed 4288K, reserved 1114112K
  class space    used 410K, committed 512K, reserved 1048576K
}
Event: 2.694 GC heap before
{Heap before GC invocations=1 (full 0):
 garbage-first heap   total 262144K, used 43381K [0x0000000701200000, 0x0000000800000000)
  region size 2048K, 22 young (45056K), 2 survivors (4096K)
 Metaspace       used 11280K, committed 11584K, reserved 1114112K
  class space    used 1500K, committed 1664K, reserved 1048576K
}
Event: 2.704 GC heap after
{Heap after GC invocations=2 (full 0):
 garbage-first heap   total 262144K, used 10546K [0x0000000701200000, 0x0000000800000000)
  region size 2048K, 3 young (6144K), 3 survivors (6144K)
 Metaspace       used 11280K, committed 11584K, reserved 1114112K
  class space    used 1500K, committed 1664K, reserved 1048576K
}
Event: 21.598 GC heap before
{Heap before GC invocations=2 (full 0):
 garbage-first heap   total 262144K, used 65842K [0x0000000701200000, 0x0000000800000000)
  region size 2048K, 28 young (57344K), 3 survivors (6144K)
 Metaspace       used 19842K, committed 20160K, reserved 1114112K
  class space    used 2989K, committed 3136K, reserved 1048576K
}
Event: 21.608 GC heap after
{Heap after GC invocations=3 (full 0):
 garbage-first heap   total 262144K, used 18287K [0x0000000701200000, 0x0000000800000000)
  region size 2048K, 2 young (4096K), 2 survivors (4096K)
 Metaspace       used 19842K, committed 20160K, reserved 1114112K
  class space    used 2989K, committed 3136K, reserved 1048576K
}
Event: 109.678 GC heap before
{Heap before GC invocations=3 (full 0):
 garbage-first heap   total 262144K, used 202607K [0x0000000701200000, 0x0000000800000000)
  region size 2048K, 76 young (155648K), 2 survivors (4096K)
 Metaspace       used 20648K, committed 21056K, reserved 1114112K
  class space    used 3007K, committed 3200K, reserved 1048576K
}
Event: 109.682 GC heap after
{Heap after GC invocations=4 (full 0):
 garbage-first heap   total 262144K, used 18478K [0x0000000701200000, 0x0000000800000000)
  region size 2048K, 2 young (4096K), 2 survivors (4096K)
 Metaspace       used 20648K, committed 21056K, reserved 1114112K
  class space    used 3007K, committed 3200K, reserved 1048576K
}
Event: 244.341 GC heap before
{Heap before GC invocations=4 (full 0):
 garbage-first heap   total 262144K, used 219182K [0x0000000701200000, 0x0000000800000000)
  region size 2048K, 76 young (155648K), 2 survivors (4096K)
 Metaspace       used 20784K, committed 21184K, reserved 1114112K
  class space    used 3007K, committed 3200K, reserved 1048576K
}
Event: 244.345 GC heap after
{Heap after GC invocations=5 (full 0):
 garbage-first heap   total 262144K, used 19048K [0x0000000701200000, 0x0000000800000000)
  region size 2048K, 3 young (6144K), 3 survivors (6144K)
 Metaspace       used 20784K, committed 21184K, reserved 1114112K
  class space    used 3007K, committed 3200K, reserved 1048576K
}
Event: 250.699 GC heap before
{Heap before GC invocations=5 (full 0):
 garbage-first heap   total 262144K, used 70248K [0x0000000701200000, 0x0000000800000000)
  region size 2048K, 21 young (43008K), 3 survivors (6144K)
 Metaspace       used 21113K, committed 21504K, reserved 1114112K
  class space    used 3044K, committed 3200K, reserved 1048576K
}
Event: 250.703 GC heap after
{Heap after GC invocations=6 (full 0):
 garbage-first heap   total 262144K, used 18623K [0x0000000701200000, 0x0000000800000000)
  region size 2048K, 3 young (6144K), 3 survivors (6144K)
 Metaspace       used 21113K, committed 21504K, reserved 1114112K
  class space    used 3044K, committed 3200K, reserved 1048576K
}

Dll operation events (20 events):
Event: 0.705 Loaded shared library C:\Users\papag\.openjfx\cache\23.0.1+4\amd64\api-ms-win-crt-process-l1-1-0.dll
Event: 0.710 Loaded shared library C:\Users\papag\.openjfx\cache\23.0.1+4\amd64\api-ms-win-crt-runtime-l1-1-0.dll
Event: 0.717 Loaded shared library C:\Users\papag\.openjfx\cache\23.0.1+4\amd64\api-ms-win-crt-stdio-l1-1-0.dll
Event: 0.723 Loaded shared library C:\Users\papag\.openjfx\cache\23.0.1+4\amd64\api-ms-win-crt-string-l1-1-0.dll
Event: 0.728 Loaded shared library C:\Users\papag\.openjfx\cache\23.0.1+4\amd64\api-ms-win-crt-time-l1-1-0.dll
Event: 0.734 Loaded shared library C:\Users\papag\.openjfx\cache\23.0.1+4\amd64\api-ms-win-crt-utility-l1-1-0.dll
Event: 0.755 Loaded shared library C:\Users\papag\.openjfx\cache\23.0.1+4\amd64\ucrtbase.dll
Event: 0.762 Loaded shared library C:\Users\papag\.openjfx\cache\23.0.1+4\amd64\vcruntime140.dll
Event: 0.768 Loaded shared library C:\Users\papag\.openjfx\cache\23.0.1+4\amd64\vcruntime140_1.dll
Event: 0.780 Loaded shared library C:\Users\papag\.openjfx\cache\23.0.1+4\amd64\msvcp140.dll
Event: 0.786 Loaded shared library C:\Users\papag\.openjfx\cache\23.0.1+4\amd64\msvcp140_1.dll
Event: 0.794 Loaded shared library C:\Users\papag\.openjfx\cache\23.0.1+4\amd64\msvcp140_2.dll
Event: 0.857 Loaded shared library C:\Users\papag\.openjfx\cache\23.0.1+4\amd64\prism_d3d.dll
Event: 0.991 Loaded shared library C:\Users\papag\.openjfx\cache\23.0.1+4\amd64\glass.dll
Event: 1.125 Loaded shared library C:\Users\papag\.jdks\openjdk-21.0.2\bin\jimage.dll
Event: 2.064 Loaded shared library C:\Users\papag\.openjfx\cache\23.0.1+4\amd64\javafx_font.dll
Event: 2.738 Loaded shared library C:\Users\papag\.openjfx\cache\23.0.1+4\amd64\glib-lite.dll
Event: 2.757 Loaded shared library C:\Users\papag\.openjfx\cache\23.0.1+4\amd64\gstreamer-lite.dll
Event: 2.776 Loaded shared library C:\Users\papag\.openjfx\cache\23.0.1+4\amd64\jfxmedia.dll
Event: 3.961 Loaded shared library C:\Users\papag\.openjfx\cache\23.0.1+4\amd64\javafx_iio.dll

Deoptimization events (20 events):
Event: 251.344 Thread 0x00000207db3ef320 DEOPT PACKING pc=0x0000020780a8b344 sp=0x0000008dddbfdab0
Event: 251.345 Thread 0x00000207db3ef320 DEOPT UNPACKING pc=0x0000020787584e42 sp=0x0000008dddbfcee0 mode 0
Event: 251.348 Thread 0x00000207db3ef320 DEOPT PACKING pc=0x00000207808ad77c sp=0x0000008dddbfda30
Event: 251.348 Thread 0x00000207db3ef320 DEOPT UNPACKING pc=0x0000020787584e42 sp=0x0000008dddbfcf30 mode 0
Event: 251.413 Thread 0x00000207db3ef320 DEOPT PACKING pc=0x0000020780a8b3b1 sp=0x0000008dddbfdab0
Event: 251.413 Thread 0x00000207db3ef320 DEOPT UNPACKING pc=0x0000020787584e42 sp=0x0000008dddbfcee0 mode 0
Event: 251.457 Thread 0x00000207db3ef320 DEOPT PACKING pc=0x0000020780a8b3b1 sp=0x0000008dddbfdab0
Event: 251.457 Thread 0x00000207db3ef320 DEOPT UNPACKING pc=0x0000020787584e42 sp=0x0000008dddbfcee0 mode 0
Event: 251.492 Thread 0x00000207db3ef320 Uncommon trap: trap_request=0xffffff6e fr.pc=0x0000020787d9ecc0 relative=0x0000000000000320
Event: 251.492 Thread 0x00000207db3ef320 Uncommon trap: reason=loop_limit_check action=maybe_recompile pc=0x0000020787d9ecc0 method=com.sun.javafx.geom.transform.AffineBase.doTransform([FI[FIII)V @ 590 c2
Event: 251.492 Thread 0x00000207db3ef320 DEOPT PACKING pc=0x0000020787d9ecc0 sp=0x0000008dddbfdae0
Event: 251.492 Thread 0x00000207db3ef320 DEOPT UNPACKING pc=0x00000207875846a2 sp=0x0000008dddbfd9e8 mode 2
Event: 252.044 Thread 0x00000207dbda2c70 Uncommon trap: trap_request=0xffffffbe fr.pc=0x0000020787d2021c relative=0x000000000000373c
Event: 252.044 Thread 0x00000207dbda2c70 Uncommon trap: reason=profile_predicate action=maybe_recompile pc=0x0000020787d2021c method=javafx.scene.Scene$ClickGenerator.postProcess(Ljavafx/scene/input/MouseEvent;Ljavafx/scene/Scene$TargetWrapper;Ljavafx/scene/Scene$TargetWrapper;)V @ 75 c2
Event: 252.044 Thread 0x00000207dbda2c70 DEOPT PACKING pc=0x0000020787d2021c sp=0x0000008dddffe490
Event: 252.044 Thread 0x00000207dbda2c70 DEOPT UNPACKING pc=0x00000207875846a2 sp=0x0000008dddffe408 mode 2
Event: 253.542 Thread 0x00000207dbda2c70 Uncommon trap: trap_request=0xffffffbe fr.pc=0x0000020787d2021c relative=0x000000000000373c
Event: 253.542 Thread 0x00000207dbda2c70 Uncommon trap: reason=profile_predicate action=maybe_recompile pc=0x0000020787d2021c method=javafx.scene.Scene$ClickGenerator.postProcess(Ljavafx/scene/input/MouseEvent;Ljavafx/scene/Scene$TargetWrapper;Ljavafx/scene/Scene$TargetWrapper;)V @ 75 c2
Event: 253.542 Thread 0x00000207dbda2c70 DEOPT PACKING pc=0x0000020787d2021c sp=0x0000008dddffe490
Event: 253.542 Thread 0x00000207dbda2c70 DEOPT UNPACKING pc=0x00000207875846a2 sp=0x0000008dddffe408 mode 2

Classes loaded (20 events):
Event: 30.409 Loading class sun/util/locale/provider/BreakIteratorProviderImpl$CharacterIteratorCharSequence
Event: 30.409 Loading class sun/util/locale/provider/BreakIteratorProviderImpl$CharacterIteratorCharSequence done
Event: 30.409 Loading class java/text/BreakIterator$BreakIteratorCache
Event: 30.409 Loading class java/text/BreakIterator$BreakIteratorCache done
Event: 30.409 Loading class jdk/internal/util/regex/Grapheme
Event: 30.409 Loading class jdk/internal/util/regex/Grapheme done
Event: 250.653 Loading class java/lang/Byte$ByteCache
Event: 250.653 Loading class java/lang/Byte$ByteCache done
Event: 250.653 Loading class java/lang/Short$ShortCache
Event: 250.653 Loading class java/lang/Short$ShortCache done
Event: 250.724 Loading class java/text/ParseException
Event: 250.724 Loading class java/text/ParseException done
Event: 250.760 Loading class java/text/FieldPosition$Delegate
Event: 250.760 Loading class java/text/FieldPosition$Delegate done
Event: 250.761 Loading class jdk/internal/math/FDBigInteger
Event: 250.761 Loading class jdk/internal/math/FDBigInteger done
Event: 250.956 Loading class java/lang/FdLibm$Atan2
Event: 250.956 Loading class java/lang/FdLibm$Atan2 done
Event: 251.476 Loading class java/lang/foreign/MemorySegment
Event: 251.477 Loading class java/lang/foreign/MemorySegment done

Classes unloaded (0 events):
No events

Classes redefined (0 events):
No events

Internal exceptions (20 events):
Event: 3.665 Thread 0x00000207dbda2c70 Exception <a 'java/lang/NoSuchMethodError'{0x000000070f2c0a70}: 'int java.lang.invoke.DirectMethodHandle$Holder.invokeSpecial(java.lang.Object, java.lang.Object, int)'> (0x000000070f2c0a70) 
thrown [s\open\src\hotspot\share\interpreter\linkResolver.cpp, line 773]
Event: 3.998 Thread 0x00000207dbda2c70 Exception <a 'java/lang/NoSuchMethodError'{0x000000070f358230}: 'java.lang.Object java.lang.invoke.DirectMethodHandle$Holder.newInvokeSpecial(java.lang.Object, java.lang.Object, double)'> (0x000000070f358230) 
thrown [s\open\src\hotspot\share\interpreter\linkResolver.cpp, line 773]
Event: 4.031 Thread 0x00000207db3ef320 Exception <a 'java/lang/NoSuchMethodError'{0x000000070f134348}: 'int java.lang.invoke.DirectMethodHandle$Holder.invokeStaticInit(java.lang.Object, java.lang.Object)'> (0x000000070f134348) 
thrown [s\open\src\hotspot\share\interpreter\linkResolver.cpp, line 773]
Event: 4.126 Thread 0x00000207db3ef320 Exception <a 'java/lang/NoSuchMethodError'{0x000000070edd9d40}: 'java.lang.Object java.lang.invoke.DirectMethodHandle$Holder.invokeStaticInit(java.lang.Object, int)'> (0x000000070edd9d40) 
thrown [s\open\src\hotspot\share\interpreter\linkResolver.cpp, line 773]
Event: 8.056 Thread 0x00000207dbda2c70 Exception <a 'java/lang/NoSuchMethodError'{0x000000070eae7d90}: 'long java.lang.invoke.DirectMethodHandle$Holder.invokeStatic(java.lang.Object, java.lang.Object, java.lang.Object)'> (0x000000070eae7d90) 
thrown [s\open\src\hotspot\share\interpreter\linkResolver.cpp, line 773]
Event: 8.057 Thread 0x00000207dbda2c70 Exception <a 'java/lang/NoSuchMethodError'{0x000000070eaeb160}: 'long java.lang.invoke.DirectMethodHandle$Holder.invokeStaticInit(java.lang.Object, java.lang.Object, java.lang.Object)'> (0x000000070eaeb160) 
thrown [s\open\src\hotspot\share\interpreter\linkResolver.cpp, line 773]
Event: 8.060 Thread 0x00000207dbda2c70 Exception <a 'java/lang/NoSuchMethodError'{0x000000070eaff758}: 'java.lang.Object java.lang.invoke.DirectMethodHandle$Holder.newInvokeSpecial(java.lang.Object, java.lang.Object, long)'> (0x000000070eaff758) 
thrown [s\open\src\hotspot\share\interpreter\linkResolver.cpp, line 773]
Event: 8.061 Thread 0x00000207dbda2c70 Exception <a 'java/lang/NoSuchMethodError'{0x000000070eb03050}: 'java.lang.Object java.lang.invoke.Invokers$Holder.linkToTargetMethod(java.lang.Object, long, java.lang.Object)'> (0x000000070eb03050) 
thrown [s\open\src\hotspot\share\interpreter\linkResolver.cpp, line 773]
Event: 21.710 Thread 0x00000207dbda2c70 Implicit null exception at 0x0000020787c29a8b to 0x0000020787c29ca0
Event: 98.769 Thread 0x00000207dbda2c70 Exception <a 'java/lang/NoSuchMethodError'{0x000000070e34ab40}: 'java.lang.Object java.lang.invoke.DirectMethodHandle$Holder.newInvokeSpecial(java.lang.Object, java.lang.Object, int, int, int, int, int, java.lang.Object)'> (0x000000070e34ab40) 
thrown [s\open\src\hotspot\share\interpreter\linkResolver.cpp, line 773]
Event: 98.770 Thread 0x00000207dbda2c70 Exception <a 'java/lang/NoSuchMethodError'{0x000000070e35c750}: 'java.lang.Object java.lang.invoke.DirectMethodHandle$Holder.newInvokeSpecial(java.lang.Object, java.lang.Object, java.lang.Object, int, int, int, int, int)'> (0x000000070e35c750) 
thrown [s\open\src\hotspot\share\interpreter\linkResolver.cpp, line 773]
Event: 98.771 Thread 0x00000207dbda2c70 Exception <a 'java/lang/NoSuchMethodError'{0x000000070e363a90}: 'java.lang.Object java.lang.invoke.Invokers$Holder.linkToTargetMethod(java.lang.Object, java.lang.Object, int, int, int, int, int, java.lang.Object)'> (0x000000070e363a90) 
thrown [s\open\src\hotspot\share\interpreter\linkResolver.cpp, line 773]
Event: 109.706 Thread 0x00000207db3ef320 Implicit null exception at 0x0000020787d0bdba to 0x0000020787d0be4c
Event: 250.660 Thread 0x00000207dbda2c70 Exception <a 'java/lang/NoSuchMethodError'{0x000000070f1bfa58}: 'java.lang.Object java.lang.invoke.DelegatingMethodHandle$Holder.reinvoke_L(java.lang.Object, double, double, double, double)'> (0x000000070f1bfa58) 
thrown [s\open\src\hotspot\share\interpreter\linkResolver.cpp, line 773]
Event: 250.663 Thread 0x00000207dbda2c70 Exception <a 'java/lang/NoSuchMethodError'{0x000000070f1ca950}: 'java.lang.Object java.lang.invoke.DirectMethodHandle$Holder.invokeStatic(java.lang.Object, java.lang.Object, int)'> (0x000000070f1ca950) 
thrown [s\open\src\hotspot\share\interpreter\linkResolver.cpp, line 773]
Event: 250.664 Thread 0x00000207dbda2c70 Exception <a 'java/lang/NoSuchMethodError'{0x000000070f1ce7d8}: 'void java.lang.invoke.DirectMethodHandle$Holder.invokeStatic(java.lang.Object, java.lang.Object, int, java.lang.Object)'> (0x000000070f1ce7d8) 
thrown [s\open\src\hotspot\share\interpreter\linkResolver.cpp, line 773]
Event: 250.664 Thread 0x00000207dbda2c70 Exception <a 'java/lang/NoSuchMethodError'{0x000000070f1d54f8}: 'void java.lang.invoke.DelegatingMethodHandle$Holder.delegate(java.lang.Object, java.lang.Object, int, java.lang.Object)'> (0x000000070f1d54f8) 
thrown [s\open\src\hotspot\share\interpreter\linkResolver.cpp, line 773]
Event: 250.673 Thread 0x00000207dbda2c70 Implicit null exception at 0x0000020787c7415e to 0x0000020787c741fc
Event: 250.883 Thread 0x00000207db3ef320 Implicit null exception at 0x0000020787d01e0c to 0x0000020787d0286f
Event: 251.105 Thread 0x00000207dbda2c70 Implicit null exception at 0x0000020787c9cdc1 to 0x0000020787c9df60

ZGC Phase Switch (0 events):
No events

VM Operations (20 events):
Event: 249.346 Executing VM operation: Cleanup
Event: 249.346 Executing VM operation: Cleanup done
Event: 250.663 Executing VM operation: HandshakeAllThreads (Deoptimize)
Event: 250.663 Executing VM operation: HandshakeAllThreads (Deoptimize) done
Event: 250.663 Executing VM operation: Cleanup
Event: 250.663 Executing VM operation: Cleanup done
Event: 250.698 Executing VM operation: CollectForMetadataAllocation (Metadata GC Threshold)
Event: 250.703 Executing VM operation: CollectForMetadataAllocation (Metadata GC Threshold) done
Event: 250.714 Executing VM operation: G1PauseRemark
Event: 250.720 Executing VM operation: G1PauseRemark done
Event: 250.722 Executing VM operation: G1PauseCleanup
Event: 250.726 Executing VM operation: G1PauseCleanup done
Event: 250.950 Executing VM operation: HandshakeAllThreads (Deoptimize)
Event: 250.950 Executing VM operation: HandshakeAllThreads (Deoptimize) done
Event: 251.950 Executing VM operation: Cleanup
Event: 251.950 Executing VM operation: Cleanup done
Event: 252.950 Executing VM operation: Cleanup
Event: 252.950 Executing VM operation: Cleanup done
Event: 254.950 Executing VM operation: Cleanup
Event: 254.951 Executing VM operation: Cleanup done

Events (20 events):
Event: 246.592 Thread 0x00000207db875cd0 Thread exited: 0x00000207db875cd0
Event: 246.593 Thread 0x00000207db878430 Thread added: 0x00000207db878430
Event: 246.593 Thread 0x00000207db878430 Thread exited: 0x00000207db878430
Event: 246.593 Thread 0x00000207db873c00 Thread added: 0x00000207db873c00
Event: 250.021 Thread 0x00000207db874fb0 Thread added: 0x00000207db874fb0
Event: 250.021 Thread 0x00000207db874fb0 Thread exited: 0x00000207db874fb0
Event: 250.021 Thread 0x00000207db871b30 Thread added: 0x00000207db871b30
Event: 250.022 Thread 0x00000207db871b30 Thread exited: 0x00000207db871b30
Event: 250.703 Thread 0x00000207db873570 Thread exited: 0x00000207db873570
Event: 250.710 Thread 0x00000207db878ac0 Thread exited: 0x00000207db878ac0
Event: 250.720 Thread 0x00000207db877080 Thread exited: 0x00000207db877080
Event: 250.725 Thread 0x00000207db874290 Thread exited: 0x00000207db874290
Event: 250.756 Thread 0x00000207e7555c20 Thread added: 0x00000207e7555c20
Event: 251.091 Thread 0x00000207e7555c20 Thread exited: 0x00000207e7555c20
Event: 251.273 Thread 0x00000207e7555c20 Thread added: 0x00000207e7555c20
Event: 251.864 Thread 0x00000207e7555c20 Thread exited: 0x00000207e7555c20
Event: 254.062 Thread 0x00000207db871b30 Thread added: 0x00000207db871b30
Event: 254.062 Thread 0x00000207db871b30 Thread exited: 0x00000207db871b30
Event: 254.063 Thread 0x00000207db877080 Thread added: 0x00000207db877080
Event: 254.063 Thread 0x00000207db877080 Thread exited: 0x00000207db877080


Dynamic libraries:
0x00007ff780e00000 - 0x00007ff780e0e000 	C:\Users\papag\.jdks\openjdk-21.0.2\bin\java.exe
0x00007ffa03f70000 - 0x00007ffa04187000 	C:\WINDOWS\SYSTEM32\ntdll.dll
0x00007ff9fd350000 - 0x00007ff9fd36a000 	C:\Program Files\Avast Software\Avast\aswhook.dll
0x00007ffa02c50000 - 0x00007ffa02d14000 	C:\WINDOWS\System32\KERNEL32.DLL
0x00007ffa016d0000 - 0x00007ffa01a87000 	C:\WINDOWS\System32\KERNELBASE.dll
0x00007ffa01320000 - 0x00007ffa01431000 	C:\WINDOWS\System32\ucrtbase.dll
0x00007ff9fa430000 - 0x00007ff9fa44b000 	C:\Users\papag\.jdks\openjdk-21.0.2\bin\VCRUNTIME140.dll
0x00007ff9fa450000 - 0x00007ff9fa468000 	C:\Users\papag\.jdks\openjdk-21.0.2\bin\jli.dll
0x00007ffa03be0000 - 0x00007ffa03d8f000 	C:\WINDOWS\System32\USER32.dll
0x00007ff9d9730000 - 0x00007ff9d99c3000 	C:\WINDOWS\WinSxS\amd64_microsoft.windows.common-controls_6595b64144ccf1df_6.0.22621.3672_none_2713b9d173822955\COMCTL32.dll
0x00007ffa01a90000 - 0x00007ffa01ab6000 	C:\WINDOWS\System32\win32u.dll
0x00007ffa01f10000 - 0x00007ffa01fb7000 	C:\WINDOWS\System32\msvcrt.dll
0x00007ffa02750000 - 0x00007ffa02779000 	C:\WINDOWS\System32\GDI32.dll
0x00007ffa015b0000 - 0x00007ffa016c8000 	C:\WINDOWS\System32\gdi32full.dll
0x00007ffa01280000 - 0x00007ffa0131a000 	C:\WINDOWS\System32\msvcp_win.dll
0x00007ffa026f0000 - 0x00007ffa02721000 	C:\WINDOWS\System32\IMM32.DLL
0x00007ff9fa4d0000 - 0x00007ff9fa4dc000 	C:\Users\papag\.jdks\openjdk-21.0.2\bin\vcruntime140_1.dll
0x00007ff9e7100000 - 0x00007ff9e718e000 	C:\Users\papag\.jdks\openjdk-21.0.2\bin\msvcp140.dll
0x00007ff988c50000 - 0x00007ff989967000 	C:\Users\papag\.jdks\openjdk-21.0.2\bin\server\jvm.dll
0x00007ffa03790000 - 0x00007ffa03842000 	C:\WINDOWS\System32\ADVAPI32.dll
0x00007ffa02350000 - 0x00007ffa023f8000 	C:\WINDOWS\System32\sechost.dll
0x00007ffa01c70000 - 0x00007ffa01c98000 	C:\WINDOWS\System32\bcrypt.dll
0x00007ffa03d90000 - 0x00007ffa03ea4000 	C:\WINDOWS\System32\RPCRT4.dll
0x00007ffa03a90000 - 0x00007ffa03b01000 	C:\WINDOWS\System32\WS2_32.dll
0x00007ffa00110000 - 0x00007ffa0015d000 	C:\WINDOWS\SYSTEM32\POWRPROF.dll
0x00007ff9fb040000 - 0x00007ff9fb074000 	C:\WINDOWS\SYSTEM32\WINMM.dll
0x00007ff9f5830000 - 0x00007ff9f583a000 	C:\WINDOWS\SYSTEM32\VERSION.dll
0x00007ffa000d0000 - 0x00007ffa000e3000 	C:\WINDOWS\SYSTEM32\UMPDC.dll
0x00007ffa00390000 - 0x00007ffa003a8000 	C:\WINDOWS\SYSTEM32\kernel.appcore.dll
0x00007ff9fa480000 - 0x00007ff9fa48a000 	C:\Users\papag\.jdks\openjdk-21.0.2\bin\jimage.dll
0x00007ff9fec40000 - 0x00007ff9fee72000 	C:\WINDOWS\SYSTEM32\DBGHELP.DLL
0x00007ffa01fc0000 - 0x00007ffa0234e000 	C:\WINDOWS\System32\combase.dll
0x00007ffa01cc0000 - 0x00007ffa01d97000 	C:\WINDOWS\System32\OLEAUT32.dll
0x00007ff9eda70000 - 0x00007ff9edaa2000 	C:\WINDOWS\SYSTEM32\dbgcore.DLL
0x00007ffa01b30000 - 0x00007ffa01bab000 	C:\WINDOWS\System32\bcryptPrimitives.dll
0x00007ff9f2db0000 - 0x00007ff9f2dbf000 	C:\Users\papag\.jdks\openjdk-21.0.2\bin\instrument.dll
0x00007ff9f8e50000 - 0x00007ff9f8e6f000 	C:\Users\papag\.jdks\openjdk-21.0.2\bin\java.dll
0x00007ffa02d20000 - 0x00007ffa03589000 	C:\WINDOWS\System32\SHELL32.dll
0x00007ff9ff1b0000 - 0x00007ff9ffaaf000 	C:\WINDOWS\SYSTEM32\windows.storage.dll
0x00007ff9ff070000 - 0x00007ff9ff1af000 	C:\WINDOWS\SYSTEM32\wintypes.dll
0x00007ffa03690000 - 0x00007ffa03789000 	C:\WINDOWS\System32\SHCORE.dll
0x00007ffa03b80000 - 0x00007ffa03bde000 	C:\WINDOWS\System32\shlwapi.dll
0x00007ffa011b0000 - 0x00007ffa011d7000 	C:\WINDOWS\SYSTEM32\profapi.dll
0x00007ff9d6390000 - 0x00007ff9d6467000 	C:\Users\papag\.jdks\openjdk-21.0.2\bin\jsvml.dll
0x00007ff9fa420000 - 0x00007ff9fa430000 	C:\Users\papag\.jdks\openjdk-21.0.2\bin\net.dll
0x00007ff9fbcf0000 - 0x00007ff9fbe26000 	C:\WINDOWS\SYSTEM32\WINHTTP.dll
0x00007ffa007f0000 - 0x00007ffa00859000 	C:\WINDOWS\system32\mswsock.dll
0x00007ff9f8e30000 - 0x00007ff9f8e46000 	C:\Users\papag\.jdks\openjdk-21.0.2\bin\nio.dll
0x00007ff9f8e10000 - 0x00007ff9f8e28000 	C:\Users\papag\.jdks\openjdk-21.0.2\bin\zip.dll
0x00007ff9eee10000 - 0x00007ff9eee2a000 	C:\Program Files\JetBrains\IntelliJ IDEA 2022.3.3\bin\breakgen64.dll
0x0000020795e50000 - 0x0000020795e53000 	C:\Users\papag\.openjfx\cache\23.0.1+4\amd64\api-ms-win-core-console-l1-1-0.dll
0x0000020795e60000 - 0x0000020795e63000 	C:\Users\papag\.openjfx\cache\23.0.1+4\amd64\api-ms-win-core-console-l1-2-0.dll
0x0000020795e70000 - 0x0000020795e73000 	C:\Users\papag\.openjfx\cache\23.0.1+4\amd64\api-ms-win-core-datetime-l1-1-0.dll
0x0000020795e80000 - 0x0000020795e83000 	C:\Users\papag\.openjfx\cache\23.0.1+4\amd64\api-ms-win-core-debug-l1-1-0.dll
0x0000020795e90000 - 0x0000020795e93000 	C:\Users\papag\.openjfx\cache\23.0.1+4\amd64\api-ms-win-core-errorhandling-l1-1-0.dll
0x0000020795ea0000 - 0x0000020795ea4000 	C:\Users\papag\.openjfx\cache\23.0.1+4\amd64\api-ms-win-core-file-l1-1-0.dll
0x0000020795eb0000 - 0x0000020795eb3000 	C:\Users\papag\.openjfx\cache\23.0.1+4\amd64\api-ms-win-core-file-l1-2-0.dll
0x0000020795ec0000 - 0x0000020795ec3000 	C:\Users\papag\.openjfx\cache\23.0.1+4\amd64\api-ms-win-core-file-l2-1-0.dll
0x0000020795ed0000 - 0x0000020795ed3000 	C:\Users\papag\.openjfx\cache\23.0.1+4\amd64\api-ms-win-core-handle-l1-1-0.dll
0x0000020795ee0000 - 0x0000020795ee3000 	C:\Users\papag\.openjfx\cache\23.0.1+4\amd64\api-ms-win-core-heap-l1-1-0.dll
0x0000020795ef0000 - 0x0000020795ef3000 	C:\Users\papag\.openjfx\cache\23.0.1+4\amd64\api-ms-win-core-interlocked-l1-1-0.dll
0x0000020795f00000 - 0x0000020795f03000 	C:\Users\papag\.openjfx\cache\23.0.1+4\amd64\api-ms-win-core-libraryloader-l1-1-0.dll
0x0000020795f10000 - 0x0000020795f13000 	C:\Users\papag\.openjfx\cache\23.0.1+4\amd64\api-ms-win-core-localization-l1-2-0.dll
0x0000020795f20000 - 0x0000020795f23000 	C:\Users\papag\.openjfx\cache\23.0.1+4\amd64\api-ms-win-core-memory-l1-1-0.dll
0x0000020795f30000 - 0x0000020795f33000 	C:\Users\papag\.openjfx\cache\23.0.1+4\amd64\api-ms-win-core-namedpipe-l1-1-0.dll
0x0000020795f40000 - 0x0000020795f43000 	C:\Users\papag\.openjfx\cache\23.0.1+4\amd64\api-ms-win-core-processenvironment-l1-1-0.dll
0x0000020795f50000 - 0x0000020795f53000 	C:\Users\papag\.openjfx\cache\23.0.1+4\amd64\api-ms-win-core-processthreads-l1-1-0.dll
0x0000020795f60000 - 0x0000020795f63000 	C:\Users\papag\.openjfx\cache\23.0.1+4\amd64\api-ms-win-core-processthreads-l1-1-1.dll
0x0000020795f70000 - 0x0000020795f73000 	C:\Users\papag\.openjfx\cache\23.0.1+4\amd64\api-ms-win-core-profile-l1-1-0.dll
0x0000020795f80000 - 0x0000020795f83000 	C:\Users\papag\.openjfx\cache\23.0.1+4\amd64\api-ms-win-core-rtlsupport-l1-1-0.dll
0x0000020795f90000 - 0x0000020795f93000 	C:\Users\papag\.openjfx\cache\23.0.1+4\amd64\api-ms-win-core-string-l1-1-0.dll
0x0000020795fa0000 - 0x0000020795fa3000 	C:\Users\papag\.openjfx\cache\23.0.1+4\amd64\api-ms-win-core-synch-l1-1-0.dll
0x0000020795fb0000 - 0x0000020795fb3000 	C:\Users\papag\.openjfx\cache\23.0.1+4\amd64\api-ms-win-core-synch-l1-2-0.dll
0x0000020795fc0000 - 0x0000020795fc3000 	C:\Users\papag\.openjfx\cache\23.0.1+4\amd64\api-ms-win-core-sysinfo-l1-1-0.dll
0x0000020795fd0000 - 0x0000020795fd3000 	C:\Users\papag\.openjfx\cache\23.0.1+4\amd64\api-ms-win-core-timezone-l1-1-0.dll
0x0000020795fe0000 - 0x0000020795fe3000 	C:\Users\papag\.openjfx\cache\23.0.1+4\amd64\api-ms-win-core-util-l1-1-0.dll
0x0000020795ff0000 - 0x0000020795ff3000 	C:\Users\papag\.openjfx\cache\23.0.1+4\amd64\api-ms-win-crt-conio-l1-1-0.dll
0x00000207dcbd0000 - 0x00000207dcbd4000 	C:\Users\papag\.openjfx\cache\23.0.1+4\amd64\api-ms-win-crt-convert-l1-1-0.dll
0x00000207dcbe0000 - 0x00000207dcbe3000 	C:\Users\papag\.openjfx\cache\23.0.1+4\amd64\api-ms-win-crt-environment-l1-1-0.dll
0x00000207dcbf0000 - 0x00000207dcbf3000 	C:\Users\papag\.openjfx\cache\23.0.1+4\amd64\api-ms-win-crt-filesystem-l1-1-0.dll
0x00000207dcc00000 - 0x00000207dcc03000 	C:\Users\papag\.openjfx\cache\23.0.1+4\amd64\api-ms-win-crt-heap-l1-1-0.dll
0x00000207dcc10000 - 0x00000207dcc13000 	C:\Users\papag\.openjfx\cache\23.0.1+4\amd64\api-ms-win-crt-locale-l1-1-0.dll
0x00000207dcc20000 - 0x00000207dcc25000 	C:\Users\papag\.openjfx\cache\23.0.1+4\amd64\api-ms-win-crt-math-l1-1-0.dll
0x00000207dcc30000 - 0x00000207dcc35000 	C:\Users\papag\.openjfx\cache\23.0.1+4\amd64\api-ms-win-crt-multibyte-l1-1-0.dll
0x00000207dcc40000 - 0x00000207dcc50000 	C:\Users\papag\.openjfx\cache\23.0.1+4\amd64\api-ms-win-crt-private-l1-1-0.dll
0x00000207dcc50000 - 0x00000207dcc53000 	C:\Users\papag\.openjfx\cache\23.0.1+4\amd64\api-ms-win-crt-process-l1-1-0.dll
0x00000207dcc60000 - 0x00000207dcc64000 	C:\Users\papag\.openjfx\cache\23.0.1+4\amd64\api-ms-win-crt-runtime-l1-1-0.dll
0x00000207dcc70000 - 0x00000207dcc74000 	C:\Users\papag\.openjfx\cache\23.0.1+4\amd64\api-ms-win-crt-stdio-l1-1-0.dll
0x00000207dcc80000 - 0x00000207dcc84000 	C:\Users\papag\.openjfx\cache\23.0.1+4\amd64\api-ms-win-crt-string-l1-1-0.dll
0x00000207dcc90000 - 0x00000207dcc93000 	C:\Users\papag\.openjfx\cache\23.0.1+4\amd64\api-ms-win-crt-time-l1-1-0.dll
0x00000207dcca0000 - 0x00000207dcca3000 	C:\Users\papag\.openjfx\cache\23.0.1+4\amd64\api-ms-win-crt-utility-l1-1-0.dll
0x00007ff98a490000 - 0x00007ff98a58c000 	C:\Users\papag\.openjfx\cache\23.0.1+4\amd64\ucrtbase.dll
0x00007ff9e7f70000 - 0x00007ff9e7f8b000 	C:\Users\papag\.openjfx\cache\23.0.1+4\amd64\vcruntime140.dll
0x00007ff9e7f60000 - 0x00007ff9e7f6c000 	C:\Users\papag\.openjfx\cache\23.0.1+4\amd64\vcruntime140_1.dll
0x00007ff9d6630000 - 0x00007ff9d66be000 	C:\Users\papag\.openjfx\cache\23.0.1+4\amd64\msvcp140.dll
0x00007ff9e7bd0000 - 0x00007ff9e7bd9000 	C:\Users\papag\.openjfx\cache\23.0.1+4\amd64\msvcp140_1.dll
0x00007ff9d6880000 - 0x00007ff9d68c1000 	C:\Users\papag\.openjfx\cache\23.0.1+4\amd64\msvcp140_2.dll
0x00007ff9e7060000 - 0x00007ff9e7090000 	C:\Users\papag\.openjfx\cache\23.0.1+4\amd64\prism_d3d.dll
0x00007ff9e28c0000 - 0x00007ff9e2a68000 	C:\WINDOWS\system32\d3d9.dll
0x00007ff9fd730000 - 0x00007ff9fd75b000 	C:\WINDOWS\SYSTEM32\dwmapi.dll
0x00007ff9fe690000 - 0x00007ff9fe6c7000 	C:\WINDOWS\SYSTEM32\dxcore.dll
0x00007ff9fd5a0000 - 0x00007ff9fd651000 	C:\WINDOWS\system32\uxtheme.dll
0x00007ff9f5840000 - 0x00007ff9f59fb000 	C:\WINDOWS\System32\DriverStore\FileRepository\u0402263.inf_amd64_1366da2d694c570c\B400781\aticfx64.dll
0x00007ff99d550000 - 0x00007ff99d584000 	C:\WINDOWS\System32\DriverStore\FileRepository\u0402263.inf_amd64_1366da2d694c570c\B400781\atiu9p64.dll
0x00007ff99b350000 - 0x00007ff99c097000 	C:\WINDOWS\System32\DriverStore\FileRepository\u0402263.inf_amd64_1366da2d694c570c\B400781\atiumd64.dll
0x00007ffa03850000 - 0x00007ffa039f5000 	C:\WINDOWS\System32\ole32.dll
0x0000000071880000 - 0x0000000072793000 	C:\WINDOWS\System32\DriverStore\FileRepository\u0402263.inf_amd64_1366da2d694c570c\B400781\atiumd6a.dll
0x00007ffa02780000 - 0x00007ffa02bf4000 	C:\WINDOWS\System32\SETUPAPI.dll
0x00007ff9f35a0000 - 0x00007ff9f35d5000 	C:\WINDOWS\SYSTEM32\amdihk64.dll
0x00007ff9f8270000 - 0x00007ff9f82b9000 	C:\WINDOWS\SYSTEM32\directxdatabasehelper.dll
0x00007ff9d65a0000 - 0x00007ff9d65e5000 	C:\Users\papag\.openjfx\cache\23.0.1+4\amd64\glass.dll
0x00007ffa03590000 - 0x00007ffa0368f000 	C:\WINDOWS\System32\COMDLG32.dll
0x0000000180000000 - 0x0000000183586000 	C:\Program Files (x86)\RivaTuner Statistics Server\RTSSHooks64.dll
0x00007ffa01da0000 - 0x00007ffa01f00000 	C:\WINDOWS\System32\MSCTF.dll
0x00007ffa025e0000 - 0x00007ffa02690000 	C:\WINDOWS\System32\clbcatq.dll
0x00007ff9f2b10000 - 0x00007ff9f2c89000 	C:\Windows\System32\Windows.UI.dll
0x00007ff9f16d0000 - 0x00007ff9f1845000 	C:\Windows\System32\Windows.UI.Immersive.dll
0x00007ff9e6ed0000 - 0x00007ff9e6ee5000 	C:\Users\papag\.openjfx\cache\23.0.1+4\amd64\javafx_font.dll
0x00007ff9fdf20000 - 0x00007ff9fe193000 	C:\WINDOWS\SYSTEM32\dwrite.dll
0x00007ff9d62f0000 - 0x00007ff9d638f000 	C:\Users\papag\.openjfx\cache\23.0.1+4\amd64\glib-lite.dll
0x00007ff98a1a0000 - 0x00007ff98a28e000 	C:\Users\papag\.openjfx\cache\23.0.1+4\amd64\gstreamer-lite.dll
0x00007ff9b98d0000 - 0x00007ff9b9972000 	C:\WINDOWS\SYSTEM32\DSOUND.dll
0x00007ff9e4180000 - 0x00007ff9e41a9000 	C:\WINDOWS\SYSTEM32\winmmbase.dll
0x00007ff96a2e0000 - 0x00007ff96a391000 	C:\WINDOWS\SYSTEM32\ResampleDmo.DLL
0x00007ff9cba50000 - 0x00007ff9cba5b000 	C:\WINDOWS\SYSTEM32\msdmo.dll
0x00007ff9d6600000 - 0x00007ff9d6624000 	C:\Users\papag\.openjfx\cache\23.0.1+4\amd64\jfxmedia.dll
0x00007ff9c1430000 - 0x00007ff9c1454000 	C:\Users\papag\.openjfx\cache\23.0.1+4\amd64\fxplugins.dll
0x00007ff9fb450000 - 0x00007ff9fb61e000 	C:\WINDOWS\SYSTEM32\MFPlat.DLL

dbghelp: loaded successfully - version: 4.0.5 - missing functions: none
symbol engine: initialized successfully - sym options: 0x614 - pdb path: .;C:\Users\papag\.jdks\openjdk-21.0.2\bin;C:\WINDOWS\SYSTEM32;C:\Program Files\Avast Software\Avast;C:\WINDOWS\WinSxS\amd64_microsoft.windows.common-controls_6595b64144ccf1df_6.0.22621.3672_none_2713b9d173822955;C:\Users\papag\.jdks\openjdk-21.0.2\bin\server;C:\Program Files\JetBrains\IntelliJ IDEA 2022.3.3\bin;C:\Users\papag\.openjfx\cache\23.0.1+4\amd64;C:\WINDOWS\System32\DriverStore\FileRepository\u0402263.inf_amd64_1366da2d694c570c\B400781;C:\Program Files (x86)\RivaTuner Statistics Server;C:\Program Files\Common Files\Microsoft Shared\Ink;C:\WINDOWS\WinSxS\amd64_microsoft.windows.gdiplus_6595b64144ccf1df_1.1.22621.4249_none_57fb0ed6ce180668;C:\Users\papag\AppData\Local\MEGAsync

VM Arguments:
jvm_args: -javaagent:C:\Program Files\JetBrains\IntelliJ IDEA 2022.3.3\lib\idea_rt.jar=51265:C:\Program Files\JetBrains\IntelliJ IDEA 2022.3.3\bin -Dfile.encoding=UTF-8 -Dsun.stdout.encoding=UTF-8 -Dsun.stderr.encoding=UTF-8 --module-path=C:\Users\papag\.m2\repository\org\controlsfx\controlsfx\11.1.2\controlsfx-11.1.2.jar;C:\Users\papag\.m2\repository\com\dlsc\formsfx\formsfx-core\11.6.0\formsfx-core-11.6.0.jar;C:\Users\papag\.m2\repository\org\openjfx\javafx-web\21\javafx-web-21-win.jar;C:\Users\papag\Desktop\MusicPlayer\target\classes;C:\Users\papag\.m2\repository\org\openjfx\javafx-fxml\21\javafx-fxml-21-win.jar;C:\Users\papag\.m2\repository\org\kordamp\ikonli\ikonli-javafx\12.3.1\ikonli-javafx-12.3.1.jar;C:\Users\papag\.m2\repository\org\kordamp\bootstrapfx\bootstrapfx-core\0.4.0\bootstrapfx-core-0.4.0.jar;C:\Users\papag\.m2\repository\org\openjfx\javafx-graphics\23.0.1\javafx-graphics-23.0.1-win.jar;C:\Users\papag\.m2\repository\org\kordamp\ikonli\ikonli-core\12.3.1\ikonli-core-12.3.1.jar;C:\Users\papag\.m2\repository\org\openjfx\javafx-controls\23.0.1\javafx-controls-23.0.1-win.jar;C:\Users\papag\.m2\repository\eu\hansolo\tilesfx\11.48\tilesfx-11.48.jar;C:\Users\papag\.m2\repository\net\synedra\validatorfx\0.4.0\validatorfx-0.4.0.jar;C:\Users\papag\.m2\repository\org\openjfx\javafx-media\21\javafx-media-21-win.jar;C:\Users\papag\.m2\repository\org\openjfx\javafx-base\23.0.1\javafx-base-23.0.1-win.jar;C:\Users\papag\.m2\repository\com\mpatric\mp3agic\0.9.1\mp3agic-0.9.1.jar -Djdk.module.main=anagnostou.musicplayer 
java_command: anagnostou.musicplayer/anagnostou.musicplayer.HelloApplication
java_class_path (initial): C:\Users\papag\.m2\repository\org\openjfx\javafx-controls\23.0.1\javafx-controls-23.0.1.jar;C:\Users\papag\.m2\repository\org\openjfx\javafx-graphics\23.0.1\javafx-graphics-23.0.1.jar;C:\Users\papag\.m2\repository\org\openjfx\javafx-base\23.0.1\javafx-base-23.0.1.jar;C:\Users\papag\.m2\repository\org\openjfx\javafx-fxml\21\javafx-fxml-21.jar;C:\Users\papag\.m2\repository\org\openjfx\javafx-web\21\javafx-web-21.jar;C:\Users\papag\.m2\repository\org\openjfx\javafx-media\21\javafx-media-21.jar;C:\Users\papag\.m2\repository\org\openjfx\javafx-swing\21\javafx-swing-21.jar;C:\Users\papag\.m2\repository\org\openjfx\javafx-swing\21\javafx-swing-21-win.jar
Launcher Type: SUN_STANDARD

[Global flags]
     intx CICompilerCount                          = 4                                         {product} {ergonomic}
     uint ConcGCThreads                            = 3                                         {product} {ergonomic}
     uint G1ConcRefinementThreads                  = 10                                        {product} {ergonomic}
   size_t G1HeapRegionSize                         = 2097152                                   {product} {ergonomic}
    uintx GCDrainStackTargetSize                   = 64                                        {product} {ergonomic}
   size_t InitialHeapSize                          = 268435456                                 {product} {ergonomic}
   size_t MarkStackSize                            = 4194304                                   {product} {ergonomic}
   size_t MaxHeapSize                              = 4276092928                                {product} {ergonomic}
   size_t MaxNewSize                               = 2564816896                                {product} {ergonomic}
   size_t MinHeapDeltaBytes                        = 2097152                                   {product} {ergonomic}
   size_t MinHeapSize                              = 8388608                                   {product} {ergonomic}
    uintx NonNMethodCodeHeapSize                   = 5839372                                {pd product} {ergonomic}
    uintx NonProfiledCodeHeapSize                  = 122909434                              {pd product} {ergonomic}
    uintx ProfiledCodeHeapSize                     = 122909434                              {pd product} {ergonomic}
    uintx ReservedCodeCacheSize                    = 251658240                              {pd product} {ergonomic}
     bool SegmentedCodeCache                       = true                                      {product} {ergonomic}
   size_t SoftMaxHeapSize                          = 4276092928                             {manageable} {ergonomic}
     bool UseCompressedOops                        = true                           {product lp64_product} {ergonomic}
     bool UseG1GC                                  = true                                      {product} {ergonomic}
     bool UseLargePagesIndividualAllocation        = false                                  {pd product} {ergonomic}

Logging:
Log output configuration:
 #0: stdout all=warning uptime,level,tags foldmultilines=false
 #1: stderr all=off uptime,level,tags foldmultilines=false

Environment Variables:
PATH=C:\Program Files\Common Files\Oracle\Java\javapath;C:\Program Files (x86)\Common Files\Oracle\Java\java8path;C:\Program Files (x86)\Common Files\Oracle\Java\javapath;C:\Program Files\Eclipse Adoptium\jdk-17.0.6.10-hotspot\bin;C:\Program Files (x86)\Razer Chroma SDK\bin;C:\Program Files\Razer Chroma SDK\bin;C:\Program Files (x86)\Razer\ChromaBroadcast\bin;C:\Program Files\Razer\ChromaBroadcast\bin;C:\Windows\system32;C:\Windows;C:\Windows\System32\Wbem;C:\Windows\System32\WindowsPowerShell\v1.0\;C:\Windows\System32\OpenSSH\;C:\Program Files (x86)\dotnet\;C:\Windows\system32\config\systemprofile\AppData\Local\Microsoft\WindowsApps;C:\Program Files\dotnet\;C:\WINDOWS\system32;C:\WINDOWS;C:\WINDOWS\System32\Wbem;C:\WINDOWS\System32\WindowsPowerShell\v1.0\;C:\WINDOWS\System32\OpenSSH\;C:\Program Files\PuTTY\;C:\Program Files\playit_gg\bin\;C:\Program Files\Git\cmd;C:\Program Files\MATLAB\MATLAB Runtime\v95\runtime\win64;C:\Users\papag\AppData\Local\Microsoft\WindowsApps;C:\MinGW\bin;C:\Program Files\JetBrains\IntelliJ IDEA 2022.3.3\bin;;C:\Users\papag\.dotnet\tools;C:\Users\papag\AppData\Local\Programs\Microsoft VS Code\bin;C:\Users\papag\AppData\Local\GitHubDesktop\bin
USERNAME=giorgos
OS=Windows_NT
PROCESSOR_IDENTIFIER=AMD64 Family 23 Model 8 Stepping 2, AuthenticAMD
TMP=C:\Users\papag\AppData\Local\Temp
TEMP=C:\Users\papag\AppData\Local\Temp




Periodic native trim disabled

---------------  S Y S T E M  ---------------

OS:
 Windows 11 , 64 bit Build 22621 (10.0.22621.3958)
OS uptime: 0 days 13:30 hours
Hyper-V role detected

CPU: total 12 (initial active 12) (12 cores per cpu, 2 threads per core) family 23 model 8 stepping 2 microcode 0x0, cx8, cmov, fxsr, ht, mmx, 3dnowpref, sse, sse2, sse3, ssse3, sse4a, sse4.1, sse4.2, popcnt, lzcnt, tsc, tscinvbit, avx, avx2, aes, clmul, bmi1, bmi2, adx, sha, fma, vzeroupper, clflush, clflushopt, hv, rdtscp, f16c
Processor Information for all 12 processors :
  Max Mhz: 3400, Current Mhz: 3400, Mhz Limit: 3400

Memory: 4k page, system-wide physical 16309M (2104M free)
TotalPageFile size 34741M (AvailPageFile size 5421M)
current process WorkingSet (physical memory assigned to process): 236M, peak: 320M
current process commit charge ("private bytes"): 366M, peak: 574M

vm_info: OpenJDK 64-Bit Server VM (21.0.2+13-58) for windows-amd64 JRE (21.0.2+13-58), built on 2024-01-05T18:32:24Z by "mach5one" with MS VC++ 17.1 (VS2022)

END.
